[2021-11-24T22:26:20.671] [ERROR] cheese - TypeError: Assignment to constant variable.
    at Object.<anonymous> (/home/yrj_work/koa-apis-cms/src/utils/log.js:12:5)
    at Module._compile (internal/modules/cjs/loader.js:1137:30)
    at Object.Module._extensions..js (internal/modules/cjs/loader.js:1157:10)
    at Module.load (internal/modules/cjs/loader.js:985:32)
    at Function.Module._load (internal/modules/cjs/loader.js:878:14)
    at Function.executeUserEntryPoint [as runMain] (internal/modules/run_main.js:71:12)
    at internal/main/run_main_module.js:17:47
[2021-11-24T22:26:25.552] [ERROR] cheese - TypeError: Assignment to constant variable.
    at Object.<anonymous> (/home/yrj_work/koa-apis-cms/src/utils/log.js:12:5)
    at Module._compile (internal/modules/cjs/loader.js:1137:30)
    at Object.Module._extensions..js (internal/modules/cjs/loader.js:1157:10)
    at Module.load (internal/modules/cjs/loader.js:985:32)
    at Function.Module._load (internal/modules/cjs/loader.js:878:14)
    at Function.executeUserEntryPoint [as runMain] (internal/modules/run_main.js:71:12)
    at internal/main/run_main_module.js:17:47
[2021-11-24T23:03:19.732] [ERROR] cheese - dddddddddTypeError: Assignment to constant variable.
[2021-11-24T23:03:31.990] [ERROR] cheese - ddddddddd TypeError: Assignment to constant variable.
[2021-11-26T15:20:55.909] [ERROR] cheese - 匹配路由错误: SyntaxError: Unexpected token ')'
[2021-11-26T15:39:36.960] [ERROR] cheese - 匹配路由错误: TypeError: router.routes is not a function
[2021-11-26T15:39:50.515] [ERROR] cheese - 匹配路由错误: TypeError: router.routes is not a function
[2021-11-26T15:40:18.614] [ERROR] cheese - 匹配路由错误: Error: post `/register`: `middleware` must be a function, not `undefined`
[2021-11-26T15:57:14.075] [ERROR] cheese - 匹配路由错误: ReferenceError: Seller is not defined
[2021-11-26T15:58:14.821] [ERROR] cheese - 匹配路由错误: SyntaxError: Unexpected token 'const'
[2021-11-26T15:58:39.092] [ERROR] cheese - 匹配路由错误: SyntaxError: Unexpected token 'const'
[2021-11-26T15:58:58.268] [ERROR] cheese - 匹配路由错误: SyntaxError: Unexpected token 'const'
[2021-11-26T15:59:11.143] [ERROR] cheese - 匹配路由错误: SyntaxError: Unexpected token 'const'
[2021-11-26T15:59:42.944] [ERROR] cheese - 匹配路由错误: SyntaxError: Unexpected token 'const'
[2021-11-26T15:59:46.417] [ERROR] cheese - 匹配路由错误: SyntaxError: Unexpected token 'const'
[2021-11-26T16:00:10.062] [ERROR] cheese - 匹配路由错误: SyntaxError: Unexpected token 'const'
[2021-11-26T16:00:21.186] [ERROR] cheese - 匹配路由错误: SyntaxError: Unexpected token 'const'
[2021-11-26T16:01:08.313] [ERROR] cheese - 匹配路由错误: SyntaxError: Unexpected token 'const'
[2021-11-26T16:01:14.150] [ERROR] cheese - 匹配路由错误: SyntaxError: Unexpected token 'const'
[2021-11-26T16:01:50.278] [ERROR] cheese - 匹配路由错误: SyntaxError: Unexpected token 'const'
[2021-11-26T16:01:58.207] [ERROR] cheese - 匹配路由错误: SyntaxError: Unexpected token 'const'
[2021-11-26T16:02:02.466] [ERROR] cheese - 匹配路由错误: SyntaxError: Unexpected token 'const'
[2021-11-26T16:02:10.112] [ERROR] cheese - 匹配路由错误: SyntaxError: Unexpected token 'const'
[2021-11-26T16:02:50.602] [ERROR] cheese - 匹配路由错误: SyntaxError: Unexpected token 'const'
[2021-11-26T16:03:05.491] [ERROR] cheese - 匹配路由错误: SyntaxError: Unexpected token 'const'
[2021-11-26T16:03:09.438] [ERROR] cheese - 匹配路由错误: SyntaxError: Unexpected token 'const'
[2021-11-26T16:03:46.450] [ERROR] cheese - 匹配路由错误: SyntaxError: Unexpected token 'const'
[2021-11-26T16:04:02.774] [ERROR] cheese - 匹配路由错误: SyntaxError: Unexpected token 'const'
[2021-11-26T16:09:24.892] [ERROR] cheese - 匹配路由错误: SyntaxError: Unexpected token 'const'
[2021-11-26T16:09:52.551] [ERROR] cheese - 匹配路由错误: SyntaxError: Unexpected token 'const'
[2021-11-26T16:10:23.103] [ERROR] cheese - 匹配路由错误: SyntaxError: Unexpected token 'const'
[2021-11-26T16:10:34.393] [ERROR] cheese - 匹配路由错误: SyntaxError: Unexpected token 'const'
[2021-11-26T16:10:36.413] [ERROR] cheese - 匹配路由错误: SyntaxError: Unexpected token 'const'
[2021-11-26T16:11:21.361] [ERROR] cheese - 匹配路由错误: SyntaxError: Unexpected token 'const'
[2021-11-26T16:11:45.094] [ERROR] cheese - 匹配路由错误: SyntaxError: Unexpected token 'const'
[2021-11-26T16:12:57.246] [ERROR] cheese - 匹配路由错误: SyntaxError: Unexpected token 'const'
[2021-11-26T16:13:03.253] [ERROR] cheese - 匹配路由错误: SyntaxError: Unexpected token 'const'
[2021-11-26T16:13:27.830] [ERROR] cheese - 匹配路由错误: SyntaxError: Unexpected token 'const'
[2021-11-26T16:13:55.131] [ERROR] cheese - 匹配路由错误: SyntaxError: Unexpected token 'const'
[2021-11-26T16:14:06.009] [ERROR] cheese - 匹配路由错误: SyntaxError: Unexpected token 'const'
[2021-11-26T16:14:18.390] [ERROR] cheese - 匹配路由错误: SyntaxError: Unexpected token 'const'
[2021-11-26T16:14:22.440] [ERROR] cheese - 匹配路由错误: SyntaxError: Unexpected token 'const'
[2021-11-26T16:14:26.687] [ERROR] cheese - 匹配路由错误: SyntaxError: Unexpected token 'const'
[2021-11-26T16:14:33.576] [ERROR] cheese - 匹配路由错误: SyntaxError: Unexpected token 'const'
[2021-11-26T16:14:43.506] [ERROR] cheese - 匹配路由错误: SyntaxError: Unexpected token 'const'
[2021-11-26T16:14:48.732] [ERROR] cheese - 匹配路由错误: SyntaxError: Unexpected token 'const'
[2021-11-26T16:15:06.850] [ERROR] cheese - 匹配路由错误: SyntaxError: Unexpected token 'const'
[2021-11-26T16:18:20.140] [ERROR] cheese - 匹配路由错误: SyntaxError: Unexpected token 'const'
[2021-11-26T16:18:53.813] [ERROR] cheese - 匹配路由错误: SyntaxError: Unexpected token 'const'
[2021-11-26T16:19:06.260] [ERROR] cheese - 匹配路由错误: SyntaxError: Unexpected token 'const'
[2021-11-26T16:19:26.612] [ERROR] cheese - 匹配路由错误: SyntaxError: Unexpected token 'const'
[2021-11-26T16:19:33.161] [ERROR] cheese - 匹配路由错误: SyntaxError: Unexpected token 'const'
[2021-11-26T16:19:37.743] [ERROR] cheese - 匹配路由错误: SyntaxError: Unexpected token 'const'
[2021-11-26T16:19:39.398] [ERROR] cheese - 匹配路由错误: SyntaxError: Unexpected token 'const'
[2021-11-26T16:19:51.880] [ERROR] cheese - 匹配路由错误: SyntaxError: Unexpected token 'const'
[2021-11-26T16:19:59.796] [ERROR] cheese - 匹配路由错误: SyntaxError: Unexpected token 'const'
[2021-11-26T16:20:15.636] [ERROR] cheese - 匹配路由错误: SyntaxError: Unexpected token 'const'
[2021-11-26T16:21:10.588] [ERROR] cheese - 匹配路由错误: SyntaxError: Unexpected token 'const'
[2021-11-26T16:21:21.417] [ERROR] cheese - 匹配路由错误: SyntaxError: Unexpected token 'const'
[2021-11-26T16:21:43.034] [ERROR] cheese - 匹配路由错误: SyntaxError: Unexpected token 'const'
[2021-11-26T16:22:00.416] [ERROR] cheese - 匹配路由错误: SyntaxError: Unexpected token 'const'
[2021-11-26T16:22:28.625] [ERROR] cheese - 匹配路由错误: SyntaxError: Unexpected token 'const'
[2021-11-26T16:22:39.580] [ERROR] cheese - 匹配路由错误: SyntaxError: Unexpected token 'const'
[2021-11-26T16:23:01.759] [ERROR] cheese - 匹配路由错误: SyntaxError: Unexpected token 'const'
[2021-11-26T16:23:11.750] [ERROR] cheese - 匹配路由错误: SyntaxError: Unexpected token 'const'
[2021-11-26T16:23:13.430] [ERROR] cheese - 匹配路由错误: SyntaxError: Unexpected token 'const'
[2021-11-26T16:23:14.395] [ERROR] cheese - 匹配路由错误: SyntaxError: Unexpected token 'const'
[2021-11-26T16:23:41.774] [ERROR] cheese - 匹配路由错误: SyntaxError: Unexpected token 'const'
[2021-11-26T16:24:48.737] [ERROR] cheese - 匹配路由错误: SyntaxError: Unexpected token 'const'
[2021-11-26T16:24:50.714] [ERROR] cheese - 匹配路由错误: SyntaxError: Unexpected token 'const'
[2021-11-26T16:25:00.726] [ERROR] cheese - 匹配路由错误: SyntaxError: Unexpected token 'const'
[2021-11-26T16:25:27.066] [ERROR] cheese - 匹配路由错误: SyntaxError: Unexpected token 'const'
[2021-11-26T16:26:39.901] [ERROR] cheese - 匹配路由错误: SyntaxError: Unexpected token 'const'
[2021-11-26T16:27:02.403] [ERROR] cheese - 匹配路由错误: SyntaxError: Unexpected token 'const'
[2021-11-26T16:27:11.337] [ERROR] cheese - 匹配路由错误: SyntaxError: Unexpected token 'const'
[2021-11-26T16:27:14.320] [ERROR] cheese - 匹配路由错误: SyntaxError: Unexpected token 'const'
[2021-11-26T16:27:31.792] [ERROR] cheese - 匹配路由错误: SyntaxError: Unexpected token 'const'
[2021-11-26T16:27:41.780] [ERROR] cheese - 匹配路由错误: SyntaxError: Unexpected token 'const'
[2021-11-26T16:27:53.340] [ERROR] cheese - 匹配路由错误: SyntaxError: Unexpected token 'const'
[2021-11-26T16:28:01.721] [ERROR] cheese - 匹配路由错误: SyntaxError: Unexpected token 'const'
[2021-11-26T16:28:03.797] [ERROR] cheese - 匹配路由错误: SyntaxError: Unexpected token 'const'
[2021-11-26T16:28:25.991] [ERROR] cheese - 匹配路由错误: SyntaxError: Unexpected token 'const'
[2021-11-26T16:28:57.773] [ERROR] cheese - 匹配路由错误: SyntaxError: Unexpected token 'const'
[2021-11-26T16:29:19.219] [ERROR] cheese - 匹配路由错误: SyntaxError: Unexpected token 'const'
[2021-11-26T16:29:39.080] [ERROR] cheese - 匹配路由错误: SyntaxError: Unexpected token 'const'
[2021-11-26T16:29:53.847] [ERROR] cheese - 匹配路由错误: SyntaxError: Unexpected token 'const'
[2021-11-26T16:29:54.861] [ERROR] cheese - 匹配路由错误: SyntaxError: Unexpected token 'const'
[2021-11-26T16:30:03.675] [ERROR] cheese - 匹配路由错误: SyntaxError: Unexpected token 'const'
[2021-11-26T16:30:35.363] [ERROR] cheese - 匹配路由错误: SyntaxError: Unexpected token 'const'
[2021-11-26T16:30:37.866] [ERROR] cheese - 匹配路由错误: SyntaxError: Unexpected token 'const'
[2021-11-26T16:30:45.186] [ERROR] cheese - 匹配路由错误: SyntaxError: Unexpected token 'const'
[2021-11-26T16:30:46.784] [ERROR] cheese - 匹配路由错误: SyntaxError: Unexpected token 'const'
[2021-11-26T16:31:02.586] [ERROR] cheese - 匹配路由错误: SyntaxError: Unexpected token 'const'
[2021-11-26T16:36:33.881] [ERROR] cheese - 匹配路由错误: SyntaxError: Unexpected token 'const'
[2021-11-26T16:36:42.484] [ERROR] cheese - 匹配路由错误: SyntaxError: Unexpected token 'const'
[2021-11-26T16:37:06.748] [ERROR] cheese - 匹配路由错误: SyntaxError: Unexpected token 'const'
[2021-11-26T16:37:21.373] [ERROR] cheese - 匹配路由错误: SyntaxError: Unexpected token 'const'
[2021-11-26T16:37:25.857] [ERROR] cheese - 匹配路由错误: SyntaxError: Unexpected token 'const'
[2021-11-26T16:37:43.831] [ERROR] cheese - 匹配路由错误: SyntaxError: Unexpected token 'const'
[2021-11-26T16:37:45.098] [ERROR] cheese - 匹配路由错误: SyntaxError: Unexpected token 'const'
[2021-11-26T16:37:57.464] [ERROR] cheese - 匹配路由错误: SyntaxError: Unexpected token 'const'
[2021-11-26T16:38:09.599] [ERROR] cheese - 匹配路由错误: SyntaxError: Unexpected token 'const'
[2021-11-26T16:38:17.939] [ERROR] cheese - 匹配路由错误: SyntaxError: Unexpected token 'const'
[2021-11-26T16:38:51.700] [ERROR] cheese - 匹配路由错误: SyntaxError: Unexpected token 'const'
[2021-11-26T16:39:03.672] [ERROR] cheese - 匹配路由错误: SyntaxError: Unexpected token 'const'
[2021-11-26T16:39:07.210] [ERROR] cheese - 匹配路由错误: SyntaxError: Unexpected token 'const'
[2021-11-26T16:39:08.065] [ERROR] cheese - 匹配路由错误: SyntaxError: Unexpected token 'const'
[2021-11-26T16:39:42.102] [ERROR] cheese - 匹配路由错误: SyntaxError: Unexpected token 'const'
[2021-11-26T16:40:09.742] [ERROR] cheese - 匹配路由错误: SyntaxError: Unexpected token 'const'
[2021-11-26T16:40:27.253] [ERROR] cheese - 匹配路由错误: SyntaxError: Unexpected token 'const'
[2021-11-26T16:40:48.524] [ERROR] cheese - 匹配路由错误: SyntaxError: Unexpected token 'const'
[2021-11-26T16:40:56.569] [ERROR] cheese - 匹配路由错误: SyntaxError: Unexpected token 'const'
[2021-11-26T16:40:57.155] [ERROR] cheese - 匹配路由错误: SyntaxError: Unexpected token 'const'
[2021-11-26T16:41:06.851] [ERROR] cheese - 匹配路由错误: SyntaxError: Unexpected token 'const'
[2021-11-26T16:41:35.775] [ERROR] cheese - 匹配路由错误: SyntaxError: Unexpected token 'const'
[2021-11-26T16:41:44.566] [ERROR] cheese - 匹配路由错误: SyntaxError: Unexpected token 'const'
[2021-11-26T16:42:12.024] [ERROR] cheese - 匹配路由错误: SyntaxError: Unexpected token 'const'
[2021-11-26T16:42:26.468] [ERROR] cheese - 匹配路由错误: SyntaxError: Unexpected token 'const'
[2021-11-26T16:42:34.346] [ERROR] cheese - 匹配路由错误: SyntaxError: Missing initializer in destructuring declaration
[2021-11-26T16:50:14.818] [ERROR] cheese - 匹配路由错误: SyntaxError: Missing initializer in destructuring declaration
[2021-11-26T16:53:12.755] [ERROR] cheese - 匹配路由错误: SyntaxError: Unexpected token 'class'
[2021-11-26T16:53:38.279] [ERROR] cheese - 匹配路由错误: SyntaxError: Unexpected token 'class'
[2021-11-26T16:53:47.472] [ERROR] cheese - 匹配路由错误: SyntaxError: Unexpected token 'class'
[2021-11-26T16:54:32.505] [ERROR] cheese - 匹配路由错误: SyntaxError: Unexpected token '}'
[2021-11-26T16:54:38.404] [ERROR] cheese - 匹配路由错误: SyntaxError: Unexpected token '}'
[2021-11-26T16:54:41.371] [ERROR] cheese - 匹配路由错误: SyntaxError: Unexpected token 'class'
[2021-11-26T16:54:54.250] [ERROR] cheese - 匹配路由错误: SyntaxError: Unexpected token 'class'
[2021-11-26T16:55:10.653] [ERROR] cheese - 匹配路由错误: SyntaxError: Missing initializer in destructuring declaration
[2021-11-26T16:55:19.947] [ERROR] cheese - 匹配路由错误: SyntaxError: Missing initializer in destructuring declaration
[2021-11-26T16:55:27.992] [ERROR] cheese - 匹配路由错误: SyntaxError: Missing initializer in destructuring declaration
[2021-11-26T16:56:08.828] [ERROR] cheese - 匹配路由错误: SyntaxError: Unexpected token '}'
[2021-11-26T16:56:14.469] [ERROR] cheese - 匹配路由错误: SyntaxError: Unexpected token '}'
[2021-11-26T16:57:46.113] [ERROR] cheese - 匹配路由错误: SyntaxError: Unexpected identifier
[2021-11-26T17:02:27.702] [ERROR] cheese - 注册seller的验证中间件 TypeError: Cannot destructure property 'account' of 'ctx.request.body' as it is undefined.
[2021-11-26T17:06:18.556] [ERROR] cheese - 注册seller的验证中间件 TypeError: Assignment to constant variable.
[2021-11-26T17:06:57.222] [ERROR] cheese - 注册seller的验证中间件 TypeError: Assignment to constant variable.
[2021-11-26T17:07:11.902] [ERROR] cheese - 注册seller的验证中间件 TypeError: Assignment to constant variable.
[2021-11-26T17:07:30.387] [ERROR] cheese - 注册seller的验证中间件 TypeError: Assignment to constant variable.
[2021-11-26T17:07:47.252] [ERROR] cheese - 注册seller的验证中间件 TypeError: Assignment to constant variable.
[2021-11-26T17:07:53.117] [ERROR] cheese - 注册seller的验证中间件 TypeError: Assignment to constant variable.
[2021-11-26T17:08:03.877] [ERROR] cheese - 注册seller的验证中间件 TypeError: Assignment to constant variable.
[2021-11-26T17:08:09.787] [ERROR] cheese - 注册seller的验证中间件 TypeError: Assignment to constant variable.
[2021-11-26T17:09:49.437] [ERROR] cheese - 注册seller的验证中间件 TypeError: Assignment to constant variable.
[2021-11-26T17:10:06.252] [ERROR] cheese - 注册seller的验证中间件 TypeError: Assignment to constant variable.
[2021-11-26T17:10:54.028] [ERROR] cheese - 注册seller的验证中间件 TypeError: Assignment to constant variable.
[2021-11-26T17:11:38.266] [ERROR] cheese - 注册seller的验证中间件 TypeError: Assignment to constant variable.
[2021-11-26T17:11:55.928] [ERROR] cheese - 注册seller的验证中间件 TypeError: Assignment to constant variable.
[2021-11-26T17:12:06.358] [ERROR] cheese - 注册seller的验证中间件 TypeError: Assignment to constant variable.
[2021-11-26T17:12:11.377] [ERROR] cheese - 注册seller的验证中间件 TypeError: Assignment to constant variable.
[2021-11-26T17:12:40.741] [ERROR] cheese - 注册seller的验证中间件 TypeError: Assignment to constant variable.
[2021-11-26T17:14:31.525] [ERROR] cheese - 匹配路由错误: SyntaxError: Unexpected identifier
[2021-11-26T17:14:49.326] [ERROR] cheese - 匹配路由错误: SyntaxError: Unexpected token ':'
[2021-11-26T17:52:15.510] [ERROR] cheese - 匹配路由错误: SyntaxError: Unexpected token '.'
[2021-11-26T17:55:46.353] [ERROR] cheese - 匹配路由错误: Error: Cannot find module '../../constants/errorTypes'
Require stack:
- /home/yrj_work/koa-apis-cms/src/middleware/common.middleware.js
- /home/yrj_work/koa-apis-cms/src/middleware/seller.middleware.js
- /home/yrj_work/koa-apis-cms/src/router/seller.router.js
- /home/yrj_work/koa-apis-cms/src/router/index.js
- /home/yrj_work/koa-apis-cms/src/index.js
[2021-11-26T17:56:07.142] [ERROR] cheese - 匹配路由错误: Error: Cannot find module '../../constants/errorTypes'
Require stack:
- /home/yrj_work/koa-apis-cms/src/middleware/common.middleware.js
- /home/yrj_work/koa-apis-cms/src/middleware/seller.middleware.js
- /home/yrj_work/koa-apis-cms/src/router/seller.router.js
- /home/yrj_work/koa-apis-cms/src/router/index.js
- /home/yrj_work/koa-apis-cms/src/index.js
[2021-11-26T17:56:12.468] [ERROR] cheese - 匹配路由错误: Error: Cannot find module '../../constants/errorTypes'
Require stack:
- /home/yrj_work/koa-apis-cms/src/middleware/common.middleware.js
- /home/yrj_work/koa-apis-cms/src/middleware/seller.middleware.js
- /home/yrj_work/koa-apis-cms/src/router/seller.router.js
- /home/yrj_work/koa-apis-cms/src/router/index.js
- /home/yrj_work/koa-apis-cms/src/index.js
[2021-11-26T17:56:20.392] [ERROR] cheese - 匹配路由错误: Error: Cannot find module '../../constants/errorTypes'
Require stack:
- /home/yrj_work/koa-apis-cms/src/middleware/common.middleware.js
- /home/yrj_work/koa-apis-cms/src/middleware/seller.middleware.js
- /home/yrj_work/koa-apis-cms/src/router/seller.router.js
- /home/yrj_work/koa-apis-cms/src/router/index.js
- /home/yrj_work/koa-apis-cms/src/index.js
[2021-11-26T17:56:30.719] [ERROR] cheese - 匹配路由错误: Error: Cannot find module '../../constants/errorTypes'
Require stack:
- /home/yrj_work/koa-apis-cms/src/middleware/common.middleware.js
- /home/yrj_work/koa-apis-cms/src/middleware/seller.middleware.js
- /home/yrj_work/koa-apis-cms/src/router/seller.router.js
- /home/yrj_work/koa-apis-cms/src/router/index.js
- /home/yrj_work/koa-apis-cms/src/index.js
[2021-11-26T18:01:11.686] [ERROR] cheese - 匹配路由错误: Error: ENOENT: no such file or directory, open '/home/yrj_work/koa-apis-cms/src/constants/app/keys/private.key'
[2021-11-26T18:02:14.008] [ERROR] cheese - 匹配路由错误: Error: ENOENT: no such file or directory, open '/home/yrj_work/koa-apis-cms/src/constants/app/keys/private.key'
[2021-11-26T18:02:37.347] [ERROR] cheese - 匹配路由错误: Error: ENOENT: no such file or directory, open '/home/yrj_work/koa-apis-cms/src/constants/app/keys/private.key'
[2021-11-26T18:02:52.184] [ERROR] cheese - 匹配路由错误: Error: ENOENT: no such file or directory, open '/home/yrj_work/koa-apis-cms/src/constants/app/keys/private.key'
[2021-11-26T18:03:54.893] [ERROR] cheese - 匹配路由错误: Error: ENOENT: no such file or directory, open '/home/yrj_work/koa-apis-cms/src/constants/app/keys/public.key'
[2021-11-26T18:06:29.773] [ERROR] cheese - 登录seller时 ReferenceError: createToken is not defined
[2021-11-28T11:24:33.821] [ERROR] cheese - 匹配路由错误: SyntaxError: Identifier 'verifyToken' has already been declared
[2021-11-28T14:32:13.105] [ERROR] cheese - 匹配路由错误: SyntaxError: Unexpected token 'const'
[2021-11-28T14:32:15.416] [ERROR] cheese - 匹配路由错误: SyntaxError: Unexpected token 'const'
[2021-11-30T09:52:17.367] [ERROR] cheese - 添加seller时 Error: Table 'design.seller' doesn't exist
[2021-11-30T09:52:17.368] [ERROR] cheese - 登陆seller的中间件 TypeError: Cannot read property '0' of undefined
[2021-11-30T09:53:21.267] [ERROR] cheese - 添加seller时 Error: Table 'design.seller' doesn't exist
[2021-11-30T09:53:21.267] [ERROR] cheese - 登陆seller的中间件 TypeError: Cannot read property '0' of undefined
[2021-11-30T09:54:13.076] [ERROR] cheese - 添加seller时 Error: Table 'design.seller' doesn't exist
[2021-11-30T09:54:13.077] [ERROR] cheese - 登陆seller的中间件 TypeError: Cannot read property '0' of undefined
[2021-11-30T09:54:21.099] [ERROR] cheese - 判断seller是否存在 Error: Table 'design.seller' doesn't exist
[2021-11-30T09:54:21.099] [ERROR] cheese - 注册seller的验证中间件 TypeError: Cannot read property 'length' of undefined
[2021-11-30T09:55:15.568] [ERROR] cheese - 添加seller时 Error: Table 'design.seller' doesn't exist
[2021-11-30T09:55:15.568] [ERROR] cheese - 登陆seller的中间件 TypeError: Cannot read property '0' of undefined
[2021-11-30T09:56:42.827] [ERROR] cheese - 添加seller时 Error: Table 'design.seller' doesn't exist
[2021-11-30T09:56:42.828] [ERROR] cheese - 登陆seller的中间件 TypeError: Cannot read property '0' of undefined
[2021-11-30T09:57:17.863] [ERROR] cheese - 添加seller时 Error: Table 'design.seller' doesn't exist
[2021-11-30T09:57:17.864] [ERROR] cheese - 登陆seller的中间件 TypeError: Cannot read property '0' of undefined
[2021-11-30T09:58:34.296] [ERROR] cheese - 添加seller时 Error: Table 'design.seller' doesn't exist
[2021-11-30T09:58:34.298] [ERROR] cheese - 登陆seller的中间件 TypeError: Cannot read property '0' of undefined
[2021-11-30T09:59:43.704] [ERROR] cheese - 添加seller时 Error: Table 'design.seller' doesn't exist
[2021-11-30T09:59:43.704] [ERROR] cheese - 登陆seller的中间件 TypeError: Cannot read property '0' of undefined
[2021-11-30T10:00:05.297] [ERROR] cheese - 添加seller时 Error: Table 'design.seller' doesn't exist
[2021-11-30T10:00:05.297] [ERROR] cheese - 登陆seller的中间件 TypeError: Cannot read property '0' of undefined
[2021-11-30T10:00:17.197] [ERROR] cheese - 添加seller时 Error: Table 'design.seller' doesn't exist
[2021-11-30T10:00:17.197] [ERROR] cheese - 登陆seller的中间件 TypeError: Cannot read property '0' of undefined
[2021-11-30T19:33:38.343] [ERROR] cheese - 匹配路由错误: SyntaxError: Unexpected token 'const'
[2021-11-30T19:44:33.819] [ERROR] cheese - 匹配路由错误: ReferenceError: saveDeviceId is not defined
[2021-11-30T19:44:43.837] [ERROR] cheese - 匹配路由错误: Error: post `/send_deviceid`: `middleware` must be a function, not `undefined`
[2021-11-30T19:44:55.339] [ERROR] cheese - 匹配路由错误: Error: post `/send_deviceid`: `middleware` must be a function, not `undefined`
[2021-11-30T19:44:58.540] [ERROR] cheese - 匹配路由错误: Error: post `/send_deviceid`: `middleware` must be a function, not `undefined`
[2021-11-30T19:45:15.070] [ERROR] cheese - 匹配路由错误: Error: post `/send_deviceid`: `middleware` must be a function, not `undefined`
[2021-11-30T19:45:32.404] [ERROR] cheese - 匹配路由错误: SyntaxError: Missing initializer in destructuring declaration
[2021-11-30T19:50:00.783] [ERROR] cheese - 匹配路由错误: SyntaxError: Unexpected token '}'
[2021-11-30T20:31:27.895] [ERROR] cheese - 匹配路由错误: SyntaxError: Unexpected token '}'
[2021-11-30T20:33:56.891] [ERROR] cheese - 匹配路由错误: SyntaxError: Unexpected token '}'
[2021-11-30T20:34:01.366] [ERROR] cheese - 匹配路由错误: SyntaxError: Unexpected token '}'
[2021-11-30T20:37:46.195] [ERROR] cheese - 匹配路由错误: SyntaxError: Unexpected token '}'
[2021-11-30T20:48:08.822] [ERROR] cheese - 匹配路由错误: SyntaxError: Missing initializer in destructuring declaration
[2021-11-30T20:50:56.811] [ERROR] cheese - 匹配路由错误: SyntaxError: Unexpected token 'class'
[2021-11-30T21:01:49.204] [ERROR] cheese - 匹配路由错误: SyntaxError: Unexpected token '}'
[2021-11-30T21:05:54.078] [ERROR] cheese - 匹配路由错误: SyntaxError: Unexpected token '}'
[2021-11-30T21:17:07.108] [ERROR] cheese - 匹配路由错误: SyntaxError: Unexpected token '}'
[2021-11-30T21:21:15.560] [ERROR] cheese - 匹配路由错误: SyntaxError: Unexpected token 'class'
[2021-11-30T21:21:38.618] [ERROR] cheese - 匹配路由错误: SyntaxError: Unexpected token '}'
[2021-11-30T21:32:03.910] [ERROR] cheese - 匹配路由错误: SyntaxError: Unexpected token '}'
[2021-11-30T21:57:53.680] [ERROR] cheese - Seller==verifyScanLogin ReferenceError: account is not defined
[2021-11-30T22:00:35.285] [ERROR] cheese - Seller==verifyScanLogin ReferenceError: account is not defined
[2021-11-30T22:01:43.532] [ERROR] cheese - Seller==verifyScanLogin ReferenceError: account is not defined
[2021-11-30T22:02:37.142] [ERROR] cheese - Seller==verifyScanLogin ReferenceError: account is not defined
[2021-11-30T22:03:09.182] [ERROR] cheese - Seller==verifyScanLogin ReferenceError: account is not defined
[2021-12-01T19:58:58.730] [ERROR] cheese - 匹配路由错误: ReferenceError: verifyAccount is not defined
[2021-12-01T19:59:14.683] [ERROR] cheese - 匹配路由错误: TypeError [ERR_INVALID_ARG_VALUE]: The argument 'id' must be a non-empty string. Received ''
[2021-12-01T19:59:21.146] [ERROR] cheese - 匹配路由错误: TypeError [ERR_INVALID_ARG_VALUE]: The argument 'id' must be a non-empty string. Received ''
[2021-12-01T19:59:33.885] [ERROR] cheese - 匹配路由错误: TypeError [ERR_INVALID_ARG_VALUE]: The argument 'id' must be a non-empty string. Received ''
[2021-12-01T20:00:08.017] [ERROR] cheese - 匹配路由错误: TypeError [ERR_INVALID_ARG_VALUE]: The argument 'id' must be a non-empty string. Received ''
[2021-12-01T20:00:10.084] [ERROR] cheese - 匹配路由错误: TypeError [ERR_INVALID_ARG_VALUE]: The argument 'id' must be a non-empty string. Received ''
[2021-12-01T20:00:21.880] [ERROR] cheese - 匹配路由错误: TypeError [ERR_INVALID_ARG_VALUE]: The argument 'id' must be a non-empty string. Received ''
[2021-12-01T20:05:00.588] [ERROR] cheese - 匹配路由错误: TypeError [ERR_INVALID_ARG_VALUE]: The argument 'id' must be a non-empty string. Received ''
[2021-12-01T20:05:23.971] [ERROR] cheese - 匹配路由错误: TypeError [ERR_INVALID_ARG_VALUE]: The argument 'id' must be a non-empty string. Received ''
[2021-12-01T20:05:30.394] [ERROR] cheese - 匹配路由错误: TypeError [ERR_INVALID_ARG_VALUE]: The argument 'id' must be a non-empty string. Received ''
[2021-12-01T20:05:31.772] [ERROR] cheese - 匹配路由错误: TypeError [ERR_INVALID_ARG_VALUE]: The argument 'id' must be a non-empty string. Received ''
[2021-12-01T20:05:41.011] [ERROR] cheese - 匹配路由错误: TypeError [ERR_INVALID_ARG_VALUE]: The argument 'id' must be a non-empty string. Received ''
[2021-12-01T20:05:53.763] [ERROR] cheese - 匹配路由错误: TypeError [ERR_INVALID_ARG_VALUE]: The argument 'id' must be a non-empty string. Received ''
[2021-12-01T20:05:58.106] [ERROR] cheese - 匹配路由错误: TypeError [ERR_INVALID_ARG_VALUE]: The argument 'id' must be a non-empty string. Received ''
[2021-12-01T20:17:19.631] [ERROR] cheese - 匹配路由错误: TypeError [ERR_INVALID_ARG_VALUE]: The argument 'id' must be a non-empty string. Received ''
[2021-12-01T20:18:26.284] [ERROR] cheese - 匹配路由错误: TypeError [ERR_INVALID_ARG_VALUE]: The argument 'id' must be a non-empty string. Received ''
[2021-12-01T20:18:31.907] [ERROR] cheese - 匹配路由错误: TypeError [ERR_INVALID_ARG_VALUE]: The argument 'id' must be a non-empty string. Received ''
[2021-12-01T20:18:34.335] [ERROR] cheese - 匹配路由错误: TypeError [ERR_INVALID_ARG_VALUE]: The argument 'id' must be a non-empty string. Received ''
[2021-12-01T20:18:39.183] [ERROR] cheese - 匹配路由错误: TypeError [ERR_INVALID_ARG_VALUE]: The argument 'id' must be a non-empty string. Received ''
[2021-12-01T20:18:45.007] [ERROR] cheese - 匹配路由错误: TypeError [ERR_INVALID_ARG_VALUE]: The argument 'id' must be a non-empty string. Received ''
[2021-12-01T20:18:52.241] [ERROR] cheese - 匹配路由错误: TypeError [ERR_INVALID_ARG_VALUE]: The argument 'id' must be a non-empty string. Received ''
[2021-12-01T20:19:02.868] [ERROR] cheese - 匹配路由错误: TypeError [ERR_INVALID_ARG_VALUE]: The argument 'id' must be a non-empty string. Received ''
[2021-12-01T20:19:24.628] [ERROR] cheese - 匹配路由错误: TypeError [ERR_INVALID_ARG_VALUE]: The argument 'id' must be a non-empty string. Received ''
[2021-12-01T20:19:30.057] [ERROR] cheese - 匹配路由错误: TypeError [ERR_INVALID_ARG_VALUE]: The argument 'id' must be a non-empty string. Received ''
[2021-12-01T20:19:33.580] [ERROR] cheese - 匹配路由错误: TypeError [ERR_INVALID_ARG_VALUE]: The argument 'id' must be a non-empty string. Received ''
[2021-12-01T20:19:33.960] [ERROR] cheese - 匹配路由错误: TypeError [ERR_INVALID_ARG_VALUE]: The argument 'id' must be a non-empty string. Received ''
[2021-12-01T20:19:59.259] [ERROR] cheese - 匹配路由错误: TypeError [ERR_INVALID_ARG_VALUE]: The argument 'id' must be a non-empty string. Received ''
[2021-12-01T20:20:39.227] [ERROR] cheese - 匹配路由错误: TypeError [ERR_INVALID_ARG_VALUE]: The argument 'id' must be a non-empty string. Received ''
[2021-12-01T20:21:16.591] [ERROR] cheese - 匹配路由错误: TypeError [ERR_INVALID_ARG_VALUE]: The argument 'id' must be a non-empty string. Received ''
[2021-12-01T20:21:19.331] [ERROR] cheese - 匹配路由错误: TypeError [ERR_INVALID_ARG_VALUE]: The argument 'id' must be a non-empty string. Received ''
[2021-12-01T20:21:30.940] [ERROR] cheese - 匹配路由错误: TypeError [ERR_INVALID_ARG_VALUE]: The argument 'id' must be a non-empty string. Received ''
[2021-12-01T20:21:47.212] [ERROR] cheese - 匹配路由错误: TypeError [ERR_INVALID_ARG_VALUE]: The argument 'id' must be a non-empty string. Received ''
[2021-12-01T20:21:51.409] [ERROR] cheese - 匹配路由错误: TypeError [ERR_INVALID_ARG_VALUE]: The argument 'id' must be a non-empty string. Received ''
[2021-12-01T20:22:35.041] [ERROR] cheese - 匹配路由错误: TypeError [ERR_INVALID_ARG_VALUE]: The argument 'id' must be a non-empty string. Received ''
[2021-12-01T20:22:50.707] [ERROR] cheese - 匹配路由错误: TypeError [ERR_INVALID_ARG_VALUE]: The argument 'id' must be a non-empty string. Received ''
[2021-12-01T20:23:12.505] [ERROR] cheese - 匹配路由错误: TypeError [ERR_INVALID_ARG_VALUE]: The argument 'id' must be a non-empty string. Received ''
[2021-12-01T20:23:23.313] [ERROR] cheese - 匹配路由错误: TypeError [ERR_INVALID_ARG_VALUE]: The argument 'id' must be a non-empty string. Received ''
[2021-12-01T20:23:30.670] [ERROR] cheese - 匹配路由错误: TypeError [ERR_INVALID_ARG_VALUE]: The argument 'id' must be a non-empty string. Received ''
[2021-12-01T20:23:51.444] [ERROR] cheese - 匹配路由错误: TypeError [ERR_INVALID_ARG_VALUE]: The argument 'id' must be a non-empty string. Received ''
[2021-12-01T20:25:02.070] [ERROR] cheese - 匹配路由错误: TypeError [ERR_INVALID_ARG_VALUE]: The argument 'id' must be a non-empty string. Received ''
[2021-12-01T20:25:26.981] [ERROR] cheese - 匹配路由错误: TypeError [ERR_INVALID_ARG_VALUE]: The argument 'id' must be a non-empty string. Received ''
[2021-12-01T20:25:30.224] [ERROR] cheese - 匹配路由错误: TypeError [ERR_INVALID_ARG_VALUE]: The argument 'id' must be a non-empty string. Received ''
[2021-12-01T20:25:43.296] [ERROR] cheese - 匹配路由错误: TypeError [ERR_INVALID_ARG_VALUE]: The argument 'id' must be a non-empty string. Received ''
[2021-12-01T20:25:53.473] [ERROR] cheese - 匹配路由错误: TypeError [ERR_INVALID_ARG_VALUE]: The argument 'id' must be a non-empty string. Received ''
[2021-12-01T20:25:59.341] [ERROR] cheese - 匹配路由错误: TypeError [ERR_INVALID_ARG_VALUE]: The argument 'id' must be a non-empty string. Received ''
[2021-12-01T20:26:03.567] [ERROR] cheese - 匹配路由错误: TypeError [ERR_INVALID_ARG_VALUE]: The argument 'id' must be a non-empty string. Received ''
[2021-12-01T20:26:15.738] [ERROR] cheese - 匹配路由错误: TypeError [ERR_INVALID_ARG_VALUE]: The argument 'id' must be a non-empty string. Received ''
[2021-12-01T20:26:26.647] [ERROR] cheese - 匹配路由错误: TypeError [ERR_INVALID_ARG_VALUE]: The argument 'id' must be a non-empty string. Received ''
[2021-12-01T20:26:51.892] [ERROR] cheese - 匹配路由错误: TypeError [ERR_INVALID_ARG_VALUE]: The argument 'id' must be a non-empty string. Received ''
[2021-12-01T20:27:15.332] [ERROR] cheese - 匹配路由错误: TypeError [ERR_INVALID_ARG_VALUE]: The argument 'id' must be a non-empty string. Received ''
[2021-12-01T20:27:20.161] [ERROR] cheese - 匹配路由错误: TypeError [ERR_INVALID_ARG_VALUE]: The argument 'id' must be a non-empty string. Received ''
[2021-12-01T20:27:53.326] [ERROR] cheese - 匹配路由错误: TypeError [ERR_INVALID_ARG_VALUE]: The argument 'id' must be a non-empty string. Received ''
[2021-12-01T20:27:57.654] [ERROR] cheese - 匹配路由错误: TypeError [ERR_INVALID_ARG_VALUE]: The argument 'id' must be a non-empty string. Received ''
[2021-12-01T20:28:02.981] [ERROR] cheese - 匹配路由错误: TypeError [ERR_INVALID_ARG_VALUE]: The argument 'id' must be a non-empty string. Received ''
[2021-12-01T20:28:26.202] [ERROR] cheese - 匹配路由错误: TypeError [ERR_INVALID_ARG_VALUE]: The argument 'id' must be a non-empty string. Received ''
[2021-12-01T20:28:29.901] [ERROR] cheese - 匹配路由错误: TypeError [ERR_INVALID_ARG_VALUE]: The argument 'id' must be a non-empty string. Received ''
[2021-12-01T20:28:47.917] [ERROR] cheese - 匹配路由错误: TypeError [ERR_INVALID_ARG_VALUE]: The argument 'id' must be a non-empty string. Received ''
[2021-12-01T20:29:01.650] [ERROR] cheese - 匹配路由错误: TypeError [ERR_INVALID_ARG_VALUE]: The argument 'id' must be a non-empty string. Received ''
[2021-12-01T20:29:28.856] [ERROR] cheese - 匹配路由错误: TypeError [ERR_INVALID_ARG_VALUE]: The argument 'id' must be a non-empty string. Received ''
[2021-12-01T20:29:45.961] [ERROR] cheese - 匹配路由错误: TypeError [ERR_INVALID_ARG_VALUE]: The argument 'id' must be a non-empty string. Received ''
[2021-12-01T20:30:01.678] [ERROR] cheese - 匹配路由错误: TypeError [ERR_INVALID_ARG_VALUE]: The argument 'id' must be a non-empty string. Received ''
[2021-12-01T20:30:29.012] [ERROR] cheese - 匹配路由错误: TypeError [ERR_INVALID_ARG_VALUE]: The argument 'id' must be a non-empty string. Received ''
[2021-12-01T20:30:38.634] [ERROR] cheese - 匹配路由错误: TypeError [ERR_INVALID_ARG_VALUE]: The argument 'id' must be a non-empty string. Received ''
[2021-12-01T20:30:49.390] [ERROR] cheese - 匹配路由错误: TypeError [ERR_INVALID_ARG_VALUE]: The argument 'id' must be a non-empty string. Received ''
[2021-12-01T20:31:02.196] [ERROR] cheese - 匹配路由错误: TypeError [ERR_INVALID_ARG_VALUE]: The argument 'id' must be a non-empty string. Received ''
[2021-12-01T20:31:25.879] [ERROR] cheese - 匹配路由错误: Error: get `/2/menu`: `middleware` must be a function, not `undefined`
[2021-12-01T20:31:37.710] [ERROR] cheese - 匹配路由错误: SyntaxError: Missing initializer in destructuring declaration
[2021-12-01T20:31:52.773] [ERROR] cheese - 匹配路由错误: Error: get `/2/menu`: `middleware` must be a function, not `undefined`
[2021-12-01T20:31:58.144] [ERROR] cheese - 匹配路由错误: Error: get `/2/menu`: `middleware` must be a function, not `undefined`
[2021-12-01T21:13:20.475] [ERROR] cheese - 匹配路由错误: SyntaxError: Unexpected token '}'
[2021-12-01T21:13:25.158] [ERROR] cheese - 匹配路由错误: SyntaxError: Unexpected identifier
[2021-12-01T21:13:36.422] [ERROR] cheese - 匹配路由错误: SyntaxError: Unexpected token '}'
[2021-12-01T21:21:13.006] [ERROR] cheese - RoleService_getMenu ReferenceError: menu is not defined
[2021-12-01T21:21:16.597] [ERROR] cheese - RoleService_getMenu ReferenceError: menu is not defined
[2021-12-01T21:22:25.623] [ERROR] cheese - 匹配路由错误: SyntaxError: Unexpected token '}'
[2021-12-01T21:22:26.583] [ERROR] cheese - 匹配路由错误: SyntaxError: Unexpected token '}'
[2021-12-01T21:22:31.452] [ERROR] cheese - 匹配路由错误: SyntaxError: Unexpected token '}'
[2021-12-01T21:36:51.324] [ERROR] cheese - RoleService_getMenu Error: You have an error in your SQL syntax; check the manual that corresponds to your MySQL server version for the right syntax to use near 'parent FROM menu m WHERE m.pid IS NULL AND m.role_id = 2' at line 1
[2021-12-01T21:36:59.081] [ERROR] cheese - RoleService_getMenu Error: You have an error in your SQL syntax; check the manual that corresponds to your MySQL server version for the right syntax to use near 'as parent FROM menu m WHERE m.pid IS NULL AND m.role_id = 2' at line 1
[2021-12-01T21:38:45.814] [ERROR] cheese - RoleService_getMenu Error: You have an error in your SQL syntax; check the manual that corresponds to your MySQL server version for the right syntax to use near 'as parent' at line 1
[2021-12-01T21:44:30.650] [ERROR] cheese - 匹配路由错误: SyntaxError: Identifier 'statement' has already been declared
[2021-12-01T21:44:31.829] [ERROR] cheese - 匹配路由错误: SyntaxError: Unexpected token '}'
[2021-12-01T21:46:09.455] [ERROR] cheese - RoleService_getMenu ReferenceError: parent is not defined
[2021-12-01T21:47:06.271] [ERROR] cheese - RoleService_getMenu ReferenceError: parent is not defined
[2021-12-03T10:37:23.691] [ERROR] cheese - 匹配路由错误: ReferenceError: verifyCreateShop is not defined
[2021-12-03T10:37:35.225] [ERROR] cheese - 匹配路由错误: ReferenceError: verifyCreateShop is not defined
[2021-12-03T10:37:38.479] [ERROR] cheese - 匹配路由错误: Error: post `/create_shop`: `middleware` must be a function, not `undefined`
[2021-12-03T10:38:13.791] [ERROR] cheese - 匹配路由错误: Error: post `/create_shop`: `middleware` must be a function, not `undefined`
[2021-12-03T10:58:59.515] [ERROR] cheese - 匹配路由错误: SyntaxError: Unexpected token ')'
[2021-12-03T11:00:54.595] [ERROR] cheese - 匹配路由错误: SyntaxError: Unexpected token ')'
[2021-12-03T14:51:31.639] [ERROR] cheese - 匹配路由错误: ReferenceError: createShop is not defined
[2021-12-03T14:51:36.232] [ERROR] cheese - 匹配路由错误: Error: post `/create_shop`: `middleware` must be a function, not `undefined`
[2021-12-03T14:51:44.787] [ERROR] cheese - 匹配路由错误: Error: post `/create_shop`: `middleware` must be a function, not `undefined`
[2021-12-03T14:58:59.705] [ERROR] cheese - 匹配路由错误: ReferenceError: getRealName is not defined
[2021-12-03T14:59:07.788] [ERROR] cheese - 匹配路由错误: Error: get `/get_real_name`: `middleware` must be a function, not `undefined`
[2021-12-03T14:59:14.502] [ERROR] cheese - 匹配路由错误: Error: get `/get_real_name`: `middleware` must be a function, not `undefined`
[2021-12-03T15:02:56.864] [ERROR] cheese - SellerController_getRealName ReferenceError: errorTypes is not defined
[2021-12-03T15:03:53.704] [ERROR] cheese - SellerController_getRealName ReferenceError: errorTypes is not defined
[2021-12-03T15:04:09.400] [ERROR] cheese - SellerController_getRealName ReferenceError: errorTypes is not defined
[2021-12-03T15:05:24.507] [ERROR] cheese - SellerController_getRealName ReferenceError: errorTypes is not defined
[2021-12-03T15:06:08.113] [ERROR] cheese - SellerController_getRealName ReferenceError: errorTypes is not defined
[2021-12-03T15:06:27.574] [ERROR] cheese - SellerController_getRealName ReferenceError: errorTypes is not defined
[2021-12-03T15:08:00.163] [ERROR] cheese - SellerController_getRealName ReferenceError: errorTypes is not defined
[2021-12-03T15:08:28.798] [ERROR] cheese - SellerController_getRealName ReferenceError: errorTypes is not defined
[2021-12-03T15:08:53.928] [ERROR] cheese - SellerController_getRealName ReferenceError: errorTypes is not defined
[2021-12-03T15:09:14.465] [ERROR] cheese - SellerController_getRealName ReferenceError: errorTypes is not defined
[2021-12-03T15:09:56.417] [ERROR] cheese - SellerController_getRealName ReferenceError: errorTypes is not defined
[2021-12-03T15:10:16.141] [ERROR] cheese - 匹配路由错误: Error: get `/get_real_name`: `middleware` must be a function, not `undefined`
[2021-12-03T15:10:32.752] [ERROR] cheese - 匹配路由错误: Error: get `/get_real_name`: `middleware` must be a function, not `undefined`
[2021-12-03T15:10:45.389] [ERROR] cheese - 匹配路由错误: Error: get `/get_real_name`: `middleware` must be a function, not `undefined`
[2021-12-03T15:24:59.912] [ERROR] cheese - 匹配路由错误: TypeError: router.routes is not a function
[2021-12-03T15:25:04.994] [ERROR] cheese - 匹配路由错误: TypeError: router.routes is not a function
[2021-12-03T15:25:24.035] [ERROR] cheese - 匹配路由错误: TypeError: router.routes is not a function
[2021-12-03T15:25:26.969] [ERROR] cheese - 匹配路由错误: TypeError: router.routes is not a function
[2021-12-03T15:25:28.319] [ERROR] cheese - 匹配路由错误: TypeError: router.routes is not a function
[2021-12-03T15:29:20.428] [ERROR] cheese - 匹配路由错误: ReferenceError: getClassify is not defined
[2021-12-03T15:29:39.464] [ERROR] cheese - 匹配路由错误: Error: get `/get_classify`: `middleware` must be a function, not `undefined`
[2021-12-03T15:29:45.087] [ERROR] cheese - 匹配路由错误: Error: get `/get_classify`: `middleware` must be a function, not `undefined`
[2021-12-03T15:29:46.622] [ERROR] cheese - 匹配路由错误: Error: get `/get_classify`: `middleware` must be a function, not `undefined`
[2021-12-03T15:30:00.087] [ERROR] cheese - 匹配路由错误: Error: Cannot find module '../controller/shop_controller'
Require stack:
- /home/yrj_work/koa-apis/src/router/shop.router.js
- /home/yrj_work/koa-apis/src/router/index.js
- /home/yrj_work/koa-apis/src/index.js
[2021-12-03T15:30:05.852] [ERROR] cheese - 匹配路由错误: Error: get `/get_classify`: `middleware` must be a function, not `undefined`
[2021-12-03T15:32:06.215] [ERROR] cheese - 匹配路由错误: Error: Cannot find module '../service/shop.cervice'
Require stack:
- /home/yrj_work/koa-apis/src/controller/shop.controller.js
- /home/yrj_work/koa-apis/src/router/shop.router.js
- /home/yrj_work/koa-apis/src/router/index.js
- /home/yrj_work/koa-apis/src/index.js
[2021-12-03T22:55:30.273] [ERROR] cheese - 匹配路由错误: ReferenceError: upload is not defined
[2021-12-03T22:55:48.132] [ERROR] cheese - 匹配路由错误: Error: post `/upload`: `middleware` must be a function, not `undefined`
[2021-12-03T22:56:24.670] [ERROR] cheese - 匹配路由错误: Error: post `/upload`: `middleware` must be a function, not `undefined`
[2021-12-04T12:24:01.956] [ERROR] cheese - 匹配路由错误: SyntaxError: Unexpected identifier
[2021-12-04T14:49:28.950] [ERROR] cheese - 匹配路由错误: Error: post `/upload`: `middleware` must be a function, not `undefined`
[2021-12-04T14:51:39.761] [ERROR] cheese - SellerService_getShopById Error: Table 'design.shop' doesn't exist
[2021-12-04T14:51:39.762] [ERROR] cheese - SellerVerify_verifyCreateShop TypeError: Cannot read property 'length' of undefined
[2021-12-04T14:52:16.389] [ERROR] cheese - SellerService_getShopById Error: Table 'design.shop' doesn't exist
[2021-12-04T14:52:16.390] [ERROR] cheese - SellerVerify_verifyCreateShop TypeError: Cannot read property 'length' of undefined
[2021-12-04T14:53:44.527] [ERROR] cheese - SellerService_getShopById Error: Table 'design.shop' doesn't exist
[2021-12-04T14:53:44.528] [ERROR] cheese - SellerVerify_verifyCreateShop TypeError: Cannot read property 'length' of undefined
[2021-12-04T14:54:06.207] [ERROR] cheese - SellerService_getShopById Error: Table 'design.shop' doesn't exist
[2021-12-04T14:54:06.208] [ERROR] cheese - SellerVerify_verifyCreateShop TypeError: Cannot read property 'length' of undefined
[2021-12-04T15:02:08.176] [ERROR] cheese - 匹配路由错误: ReferenceError: shop is not defined
[2021-12-04T15:08:27.866] [ERROR] cheese - 匹配路由错误: ReferenceError: shopExist is not defined
[2021-12-04T15:08:39.818] [ERROR] cheese - 匹配路由错误: Error: get `/shop_exist`: `middleware` must be a function, not `undefined`
[2021-12-04T15:08:42.235] [ERROR] cheese - 匹配路由错误: Error: get `/shop_exist`: `middleware` must be a function, not `undefined`
[2021-12-04T15:19:27.986] [ERROR] cheese - ShopController_shopExist ReferenceError: ctx is not defined
[2021-12-04T15:19:37.706] [ERROR] cheese - ShopController_shopExist ReferenceError: ctx is not defined
[2021-12-04T15:19:55.208] [ERROR] cheese - ShopController_shopExist ReferenceError: ctx is not defined
[2021-12-04T16:38:47.430] [ERROR] cheese - 匹配路由错误: ReferenceError: hasShop is not defined
[2021-12-04T16:39:08.783] [ERROR] cheese - 匹配路由错误: ReferenceError: hasShop is not defined
[2021-12-04T16:39:16.136] [ERROR] cheese - 匹配路由错误: Error: get `/has_shop`: `middleware` must be a function, not `undefined`
[2021-12-04T16:45:00.714] [ERROR] cheese - ShopController_hasShop ReferenceError: seller is not defined
[2021-12-04T16:45:08.286] [ERROR] cheese - ShopController_hasShop ReferenceError: seller is not defined
[2021-12-04T16:45:30.072] [ERROR] cheese - 匹配路由错误: SyntaxError: Unexpected token 'const'
[2021-12-04T16:46:12.670] [ERROR] cheese - 匹配路由错误: SyntaxError: Identifier 'res' has already been declared
[2021-12-04T16:46:19.362] [ERROR] cheese - 匹配路由错误: SyntaxError: Identifier 'res' has already been declared
[2021-12-04T16:46:24.588] [ERROR] cheese - 匹配路由错误: SyntaxError: Identifier 'res' has already been declared
[2021-12-04T16:46:26.046] [ERROR] cheese - 匹配路由错误: SyntaxError: Identifier 'res' has already been declared
[2021-12-04T16:46:27.442] [ERROR] cheese - 匹配路由错误: SyntaxError: Identifier 'res' has already been declared
[2021-12-04T16:46:28.794] [ERROR] cheese - 匹配路由错误: SyntaxError: Identifier 'res' has already been declared
[2021-12-04T16:46:30.083] [ERROR] cheese - 匹配路由错误: SyntaxError: Identifier 'res' has already been declared
[2021-12-04T16:46:31.470] [ERROR] cheese - 匹配路由错误: SyntaxError: Identifier 'res' has already been declared
[2021-12-04T16:46:32.695] [ERROR] cheese - 匹配路由错误: SyntaxError: Identifier 'res' has already been declared
[2021-12-04T16:46:34.005] [ERROR] cheese - 匹配路由错误: SyntaxError: Identifier 'res' has already been declared
[2021-12-04T16:46:35.314] [ERROR] cheese - 匹配路由错误: SyntaxError: Identifier 'res' has already been declared
[2021-12-04T16:46:36.486] [ERROR] cheese - 匹配路由错误: SyntaxError: Identifier 'res' has already been declared
[2021-12-04T16:46:37.537] [ERROR] cheese - 匹配路由错误: SyntaxError: Identifier 'res' has already been declared
[2021-12-04T17:01:46.394] [ERROR] cheese - 匹配路由错误: ReferenceError: dealUpload is not defined
[2021-12-04T17:02:37.913] [ERROR] cheese - 匹配路由错误: SyntaxError: Unexpected token '}'
[2021-12-04T17:04:37.174] [ERROR] cheese - 匹配路由错误: SyntaxError: Missing initializer in destructuring declaration
[2021-12-04T17:04:39.432] [ERROR] cheese - 匹配路由错误: SyntaxError: Missing initializer in destructuring declaration
[2021-12-04T17:10:47.069] [ERROR] cheese - SellerVerify_dealUpload TypeError: files.forEach is not a function
[2021-12-04T17:10:57.211] [ERROR] cheese - SellerVerify_dealUpload TypeError: files.forEach is not a function
[2021-12-04T17:11:15.875] [ERROR] cheese - SellerVerify_dealUpload TypeError: files.forEach is not a function
[2021-12-04T17:12:06.798] [ERROR] cheese - SellerVerify_dealUpload TypeError: files.forEach is not a function
[2021-12-04T17:12:11.470] [ERROR] cheese - SellerVerify_dealUpload TypeError: files.forEach is not a function
[2021-12-04T17:13:25.103] [ERROR] cheese - SellerVerify_dealUpload TypeError: file.match is not a function
[2021-12-04T17:21:28.207] [ERROR] cheese - 匹配路由错误: Error: post `/create_shop`: `middleware` must be a function, not `undefined`
[2021-12-04T17:29:35.298] [ERROR] cheese - 匹配路由错误: SyntaxError: Unexpected token '}'
[2021-12-04T17:34:42.796] [ERROR] cheese - SellerVerify_dealUpload TypeError: Assignment to constant variable.
[2021-12-04T17:34:55.108] [ERROR] cheese - SellerVerify_dealUpload TypeError: Assignment to constant variable.
[2021-12-04T17:39:10.559] [ERROR] cheese - SellerVerify_dealData ReferenceError: id is not defined
[2021-12-04T17:40:45.399] [ERROR] cheese - SellerVerify_dealData ReferenceError: id is not defined
[2021-12-04T17:58:20.932] [ERROR] cheese - ShopController_hasShop ReferenceError: id is not defined
[2021-12-04T17:59:39.596] [ERROR] cheese - ShopController_hasShop ReferenceError: id is not defined
[2021-12-04T17:59:51.848] [ERROR] cheese - ShopController_hasShop ReferenceError: id is not defined
[2021-12-04T18:22:32.801] [ERROR] cheese - SellerController_createShop ReferenceError: Cannot access 'shopInfo' before initialization
[2021-12-04T19:47:24.028] [ERROR] cheese - 匹配路由错误: ReferenceError: getSelfInfo is not defined
[2021-12-04T19:47:48.546] [ERROR] cheese - 匹配路由错误: Error: get `/self_info`: `middleware` must be a function, not `undefined`
[2021-12-04T19:48:07.874] [ERROR] cheese - 匹配路由错误: Error: get `/self_info`: `middleware` must be a function, not `undefined`
[2021-12-04T20:03:22.981] [ERROR] cheese - 匹配路由错误: SyntaxError: Unexpected identifier
[2021-12-04T21:25:08.539] [ERROR] cheese - 匹配路由错误: SyntaxError: Unexpected token ')'
[2021-12-04T23:09:57.735] [ERROR] cheese - 匹配路由错误: ReferenceError: updateAuthInfo is not defined
[2021-12-04T23:10:02.434] [ERROR] cheese - 匹配路由错误: Error: post `/update/auth`: `middleware` must be a function, not `undefined`
[2021-12-04T23:10:13.081] [ERROR] cheese - 匹配路由错误: Error: post `/update/auth`: `middleware` must be a function, not `undefined`
[2021-12-05T09:45:01.003] [ERROR] cheese - 匹配路由错误: SyntaxError: Unexpected token '}'
[2021-12-05T09:52:07.890] [ERROR] cheese - SellerVerify_verifyUasble TypeError: Cannot destructure property 'account' of 'ctx.user' as it is undefined.
[2021-12-05T09:52:11.759] [ERROR] cheese - SellerVerify_verifyUasble TypeError: Cannot destructure property 'account' of 'ctx.user' as it is undefined.
[2021-12-05T09:52:49.117] [ERROR] cheese - SellerVerify_verifyUasble TypeError: Cannot destructure property 'account' of 'ctx.user' as it is undefined.
[2021-12-05T12:29:25.160] [ERROR] cheese - SellerService_getShopById Error: Table 'design.shop' doesn't exist
[2021-12-05T12:29:27.276] [ERROR] cheese - SellerService_getShopById Error: Table 'design.shop' doesn't exist
[2021-12-05T12:29:27.276] [ERROR] cheese - ShopController_hasShop TypeError: Cannot read property 'length' of undefined
[2021-12-05T12:48:40.786] [ERROR] cheese - 匹配路由错误: ReferenceError: deleteSelf is not defined
[2021-12-05T12:48:51.344] [ERROR] cheese - 匹配路由错误: Error: delete `/delete`: `middleware` must be a function, not `undefined`
[2021-12-05T12:50:28.780] [ERROR] cheese - 匹配路由错误: SyntaxError: missing ) after argument list
[2021-12-05T12:50:28.783] [ERROR] cheese - 匹配路由错误: SyntaxError: missing ) after argument list
[2021-12-05T12:57:41.003] [ERROR] cheese - SellerController_getSelfInfo TypeError: Cannot read property 'iid' of undefined
[2021-12-05T12:57:52.892] [ERROR] cheese - SellerController_getRealName TypeError: Cannot read property 'name' of undefined
[2021-12-05T12:57:57.491] [ERROR] cheese - SellerController_getRealName TypeError: Cannot read property 'name' of undefined
[2021-12-05T12:59:12.511] [ERROR] cheese - SellerController_getRealName TypeError: Cannot read property 'name' of undefined
[2021-12-05T12:59:32.631] [ERROR] cheese - SellerController_getRealName TypeError: Cannot read property 'name' of undefined
[2021-12-05T13:00:03.296] [ERROR] cheese - SellerController_getRealName TypeError: Cannot read property 'name' of undefined
[2021-12-05T13:00:11.796] [ERROR] cheese - SellerController_getRealName TypeError: Cannot read property 'name' of undefined
[2021-12-05T13:18:00.832] [ERROR] cheese - 匹配路由错误: ReferenceError: getSelfShop is not defined
[2021-12-05T13:18:06.606] [ERROR] cheese - 匹配路由错误: Error: get `/info`: `middleware` must be a function, not `undefined`
[2021-12-05T13:22:43.345] [ERROR] cheese - ShopController_getSelfShop ReferenceError: TextTrackCue is not defined
[2021-12-05T13:22:55.374] [ERROR] cheese - ShopController_getSelfShop ReferenceError: TextTrackCue is not defined
[2021-12-06T15:54:21.234] [ERROR] cheese - 匹配路由错误: ReferenceError: updateShop is not defined
[2021-12-06T15:54:26.072] [ERROR] cheese - 匹配路由错误: Error: post `/update`: `middleware` must be a function, not `undefined`
[2021-12-06T15:54:35.328] [ERROR] cheese - 匹配路由错误: Error: post `/update`: `middleware` must be a function, not `undefined`
[2021-12-06T15:54:44.118] [ERROR] cheese - 匹配路由错误: Error: post `/update`: `middleware` must be a function, not `undefined`
[2021-12-06T16:04:15.108] [ERROR] cheese - 匹配路由错误: ReferenceError: verifyUpdateShop is not defined
[2021-12-06T16:06:37.558] [ERROR] cheese - 匹配路由错误: SyntaxError: Unexpected token '{'
[2021-12-06T16:11:46.279] [ERROR] cheese - 匹配路由错误: SyntaxError: Unexpected token '}'
[2021-12-06T16:15:59.525] [ERROR] cheese - ShopVerify_dealData TypeError: Cannot read property 'forEach' of undefined
[2021-12-06T16:31:27.625] [ERROR] cheese - ShopVerify_dealData TypeError: Cannot read property 'path' of undefined
[2021-12-06T16:31:57.030] [ERROR] cheese - ShopController_updateShop TypeError: ShopService.updateShop is not a function
[2021-12-06T16:45:08.873] [ERROR] cheese - ShopService_updateInfo ReferenceError: sql is not defined
[2021-12-06T16:45:37.846] [ERROR] cheese - ShopService_updateInfo ReferenceError: sql is not defined
[2021-12-06T16:46:01.765] [ERROR] cheese - ShopService_updateInfo ReferenceError: sql is not defined
[2021-12-06T17:48:41.244] [ERROR] cheese - SellerService_getShopById TypeError: undefined is not a function
[2021-12-06T17:49:47.910] [ERROR] cheese - SellerService_getShopById TypeError: undefined is not a function
[2021-12-06T18:50:00.527] [ERROR] cheese - 匹配路由错误: Error: post `/update/activities`: `middleware` must be a function, not `undefined`
[2021-12-07T08:56:59.942] [ERROR] cheese - 匹配路由错误: TypeError: router.routes is not a function
[2021-12-07T08:58:59.469] [ERROR] cheese - 匹配路由错误: TypeError: router.routes is not a function
[2021-12-07T08:59:04.700] [ERROR] cheese - 匹配路由错误: TypeError: router.routes is not a function
[2021-12-07T10:53:42.121] [ERROR] cheese - FoodVerify_dealData SyntaxError: Unexpected token u in JSON at position 0
[2021-12-07T15:35:28.036] [ERROR] cheese - 匹配路由错误: SyntaxError: Unexpected token '}'
[2021-12-07T15:39:34.988] [ERROR] cheese - 匹配路由错误: SyntaxError: Unexpected identifier
[2021-12-07T15:53:04.440] [ERROR] cheese - FoodService_setFoodClassify Error: Unknown column '阿斯达' in 'field list'
[2021-12-07T15:58:52.005] [ERROR] cheese - 匹配路由错误: SyntaxError: Unexpected token 'return'
[2021-12-07T17:01:07.154] [ERROR] cheese - 匹配路由错误: SyntaxError: Unexpected token ')'
[2021-12-07T17:03:44.532] [ERROR] cheese - 匹配路由错误: SyntaxError: Unexpected token '}'
[2021-12-07T17:14:34.727] [ERROR] cheese - 匹配路由错误: Error: post `/add`: `middleware` must be a function, not `undefined`
[2021-12-07T17:16:24.177] [ERROR] cheese - 匹配路由错误: SyntaxError: Missing initializer in destructuring declaration
[2021-12-07T17:16:32.510] [ERROR] cheese - 匹配路由错误: SyntaxError: Missing initializer in destructuring declaration
[2021-12-07T17:16:36.282] [ERROR] cheese - 匹配路由错误: SyntaxError: Missing initializer in destructuring declaration
[2021-12-07T17:44:08.223] [ERROR] cheese - 匹配路由错误: Error: post `/classify`: `middleware` must be a function, not `undefined`
[2021-12-07T18:10:03.852] [ERROR] cheese - SellerService_getShopById TypeError: Cannot destructure property 'ch_id' of 'res[0]' as it is undefined.
[2021-12-07T18:10:03.853] [ERROR] cheese - ShopController_hasShop TypeError: Cannot read property 'length' of undefined
[2021-12-07T18:10:07.406] [ERROR] cheese - SellerService_getShopById TypeError: Cannot destructure property 'ch_id' of 'res[0]' as it is undefined.
[2021-12-07T18:10:59.714] [ERROR] cheese - SellerService_getShopById TypeError: Cannot destructure property 'ch_id' of 'res[0]' as it is undefined.
[2021-12-07T18:11:03.489] [ERROR] cheese - SellerService_getShopById TypeError: Cannot destructure property 'ch_id' of 'res[0]' as it is undefined.
[2021-12-07T18:11:03.489] [ERROR] cheese - ShopController_hasShop TypeError: Cannot read property 'length' of undefined
[2021-12-07T18:11:05.299] [ERROR] cheese - SellerService_getShopById TypeError: Cannot destructure property 'ch_id' of 'res[0]' as it is undefined.
[2021-12-07T18:11:08.800] [ERROR] cheese - SellerService_getShopById TypeError: Cannot destructure property 'ch_id' of 'res[0]' as it is undefined.
[2021-12-07T18:11:08.800] [ERROR] cheese - FoodController_getFoodClassify TypeError: Cannot read property '0' of undefined
[2021-12-07T18:13:51.085] [ERROR] cheese - SellerService_getShopById TypeError: Cannot destructure property 'ch_id' of 'res[0]' as it is undefined.
[2021-12-07T18:13:51.086] [ERROR] cheese - FoodController_getFoodClassify TypeError: Cannot read property '0' of undefined
[2021-12-07T18:14:20.581] [ERROR] cheese - SellerService_getShopById TypeError: Cannot destructure property 'ch_id' of 'res[0]' as it is undefined.
[2021-12-07T18:14:20.582] [ERROR] cheese - FoodController_getFoodClassify TypeError: Cannot read property '0' of undefined
[2021-12-07T18:15:23.845] [ERROR] cheese - SellerService_getShopById TypeError: Cannot destructure property 'ch_id' of 'res[0]' as it is undefined.
[2021-12-07T18:15:23.845] [ERROR] cheese - FoodController_getFoodClassify TypeError: Cannot read property '0' of undefined
[2021-12-07T18:15:29.620] [ERROR] cheese - SellerService_getShopById TypeError: Cannot destructure property 'ch_id' of 'res[0]' as it is undefined.
[2021-12-07T18:15:29.620] [ERROR] cheese - FoodController_getFoodClassify TypeError: Cannot read property '0' of undefined
[2021-12-07T18:15:34.829] [ERROR] cheese - SellerService_getShopById TypeError: Cannot destructure property 'ch_id' of 'res[0]' as it is undefined.
[2021-12-07T18:15:34.829] [ERROR] cheese - FoodController_getFoodClassify TypeError: Cannot read property '0' of undefined
[2021-12-07T18:15:36.104] [ERROR] cheese - SellerService_getShopById TypeError: Cannot destructure property 'ch_id' of 'res[0]' as it is undefined.
[2021-12-07T18:15:36.104] [ERROR] cheese - FoodController_getFoodClassify TypeError: Cannot read property '0' of undefined
[2021-12-07T18:15:37.469] [ERROR] cheese - SellerService_getShopById TypeError: Cannot destructure property 'ch_id' of 'res[0]' as it is undefined.
[2021-12-07T18:15:37.469] [ERROR] cheese - FoodController_getFoodClassify TypeError: Cannot read property '0' of undefined
[2021-12-07T18:15:40.789] [ERROR] cheese - SellerService_getShopById TypeError: Cannot destructure property 'ch_id' of 'res[0]' as it is undefined.
[2021-12-07T18:15:40.789] [ERROR] cheese - FoodController_getFoodClassify TypeError: Cannot read property '0' of undefined
[2021-12-07T18:15:58.550] [ERROR] cheese - SellerService_getShopById TypeError: Cannot destructure property 'ch_id' of 'res[0]' as it is undefined.
[2021-12-07T18:15:58.550] [ERROR] cheese - FoodController_getFoodClassify TypeError: Cannot read property '0' of undefined
[2021-12-07T18:16:00.785] [ERROR] cheese - SellerService_getShopById TypeError: Cannot destructure property 'ch_id' of 'res[0]' as it is undefined.
[2021-12-07T18:16:00.785] [ERROR] cheese - FoodController_getFoodClassify TypeError: Cannot read property '0' of undefined
[2021-12-07T18:16:07.548] [ERROR] cheese - SellerService_getShopById TypeError: Cannot destructure property 'ch_id' of 'res[0]' as it is undefined.
[2021-12-07T18:16:07.549] [ERROR] cheese - FoodController_getFoodClassify TypeError: Cannot read property '0' of undefined
[2021-12-07T18:16:17.296] [ERROR] cheese - SellerService_getShopById TypeError: Cannot destructure property 'ch_id' of 'res[0]' as it is undefined.
[2021-12-07T18:16:17.296] [ERROR] cheese - FoodController_getFoodClassify TypeError: Cannot read property '0' of undefined
[2021-12-07T18:16:21.071] [ERROR] cheese - SellerService_getShopById TypeError: Cannot destructure property 'ch_id' of 'res[0]' as it is undefined.
[2021-12-07T18:16:21.071] [ERROR] cheese - FoodController_getFoodClassify TypeError: Cannot read property '0' of undefined
[2021-12-07T18:16:42.400] [ERROR] cheese - SellerService_getShopById TypeError: Cannot destructure property 'ch_id' of 'res[0]' as it is undefined.
[2021-12-07T18:16:42.401] [ERROR] cheese - FoodController_getFoodClassify TypeError: Cannot read property '0' of undefined
[2021-12-07T18:17:37.126] [ERROR] cheese - SellerService_getShopById TypeError: Cannot destructure property 'ch_id' of 'res[0]' as it is undefined.
[2021-12-07T18:17:37.127] [ERROR] cheese - FoodController_getFoodClassify TypeError: Cannot read property '0' of undefined
[2021-12-07T18:18:12.309] [ERROR] cheese - FoodController_getFoodClassify TypeError: Cannot read property 'id' of undefined
[2021-12-07T18:18:46.535] [ERROR] cheese - FoodController_getFoodClassify TypeError: Cannot read property 'id' of undefined
[2021-12-07T18:19:30.899] [ERROR] cheese - FoodController_getFoodClassify ReferenceError: food_classify is not defined
[2021-12-07T19:10:14.536] [ERROR] cheese - 匹配路由错误: ReferenceError: getFood is not defined
[2021-12-07T19:10:24.872] [ERROR] cheese - 匹配路由错误: Error: get `/`: `middleware` must be a function, not `undefined`
[2021-12-07T19:29:25.151] [ERROR] cheese - 匹配路由错误: Error: get `/`: `middleware` must be a function, not `undefined`
[2021-12-07T19:32:44.366] [ERROR] cheese - 匹配路由错误: SyntaxError: Unexpected token '}'
[2021-12-07T19:32:55.303] [ERROR] cheese - 匹配路由错误: SyntaxError: Unexpected token '}'
[2021-12-07T20:04:58.914] [ERROR] cheese - 匹配路由错误: ReferenceError: deleteFood is not defined
[2021-12-07T20:05:29.389] [ERROR] cheese - 匹配路由错误: Error: delete `/delete`: `middleware` must be a function, not `undefined`
[2021-12-07T20:42:08.213] [ERROR] cheese - 匹配路由错误: SyntaxError: Unexpected token ')'
[2021-12-07T22:49:23.269] [ERROR] cheese - 匹配路由错误: ReferenceError: verifyUpdate is not defined
[2021-12-07T22:49:28.838] [ERROR] cheese - 匹配路由错误: ReferenceError: verifyUpdate is not defined
[2021-12-07T22:49:38.359] [ERROR] cheese - 匹配路由错误: ReferenceError: verifyUpdateFood is not defined
[2021-12-07T22:49:44.194] [ERROR] cheese - 匹配路由错误: Error: post `/update`: `middleware` must be a function, not `undefined`
[2021-12-07T22:55:25.387] [ERROR] cheese - 匹配路由错误: SyntaxError: Unexpected token 'const'
[2021-12-07T23:03:02.890] [ERROR] cheese - FoodVerify_verifyUpdateFood ReferenceError: SellerService is not defined
[2021-12-07T23:06:45.543] [ERROR] cheese - FoodVerify_verifyUpdateFood SyntaxError: Unexpected token , in JSON at position 36
[2021-12-07T23:06:49.500] [ERROR] cheese - FoodVerify_verifyUpdateFood SyntaxError: Unexpected token , in JSON at position 36
[2021-12-07T23:09:23.504] [ERROR] cheese - FoodVerify_verifyUpdateFood SyntaxError: Unexpected token , in JSON at position 36
[2021-12-07T23:13:18.291] [ERROR] cheese - FoodVerify_verifyUpdateFood SyntaxError: Unexpected token , in JSON at position 38
[2021-12-07T23:13:31.959] [ERROR] cheese - FoodVerify_verifyUpdateFood SyntaxError: Unexpected token , in JSON at position 36
[2021-12-07T23:13:34.509] [ERROR] cheese - FoodVerify_verifyUpdateFood SyntaxError: Unexpected token , in JSON at position 36
[2021-12-07T23:16:07.281] [ERROR] cheese - FoodVerify_verifyUpdateFood ReferenceError: Cannot access 'food_ids' before initialization
[2021-12-07T23:16:55.477] [ERROR] cheese - FoodVerify_verifyUpdateFood SyntaxError: Unexpected token , in JSON at position 39
[2021-12-08T11:10:00.877] [ERROR] cheese - FoodVerify_verifyUpdateFood SyntaxError: Unexpected token , in JSON at position 36
[2021-12-08T11:10:54.293] [ERROR] cheese - FoodVerify_verifyUpdateFood SyntaxError: Unexpected token , in JSON at position 36
[2021-12-08T11:14:09.229] [ERROR] cheese - 匹配路由错误: SyntaxError: Unexpected strict mode reserved word
[2021-12-08T11:42:34.283] [ERROR] cheese - FoodVerify_verifyUpdateFood SyntaxError: Unexpected token , in JSON at position 36
[2021-12-08T11:43:06.089] [ERROR] cheese - FoodVerify_verifyUpdateFood SyntaxError: Unexpected token , in JSON at position 36
[2021-12-08T11:44:46.264] [ERROR] cheese - FoodVerify_verifyUpdateFood SyntaxError: Unexpected token , in JSON at position 36
[2021-12-08T11:45:11.909] [ERROR] cheese - FoodVerify_verifyUpdateFood ReferenceError: db_shopId is not defined
[2021-12-08T11:46:09.001] [ERROR] cheese - 匹配路由错误: SyntaxError: Unexpected token ')'
[2021-12-08T11:48:12.229] [ERROR] cheese - 匹配路由错误: ReferenceError: updateFood is not defined
[2021-12-08T11:48:18.787] [ERROR] cheese - 匹配路由错误: Error: post `/update`: `middleware` must be a function, not `undefined`
[2021-12-08T11:49:36.013] [ERROR] cheese - FoodVerify_verifyUpdateFood SyntaxError: Unexpected token , in JSON at position 38
[2021-12-08T11:56:37.119] [ERROR] cheese - FoodVerify_verifyUpdateFood SyntaxError: Unexpected token , in JSON at position 38
[2021-12-08T11:57:48.892] [ERROR] cheese - FoodVerify_verifyUpdateFood SyntaxError: Unexpected token , in JSON at position 23
[2021-12-08T11:57:58.395] [ERROR] cheese - FoodVerify_verifyUpdateFood SyntaxError: Unexpected token , in JSON at position 23
[2021-12-08T11:58:07.546] [ERROR] cheese - FoodVerify_verifyUpdateFood SyntaxError: Unexpected token , in JSON at position 23
[2021-12-08T11:58:18.605] [ERROR] cheese - FoodVerify_verifyUpdateFood SyntaxError: Unexpected token , in JSON at position 23
[2021-12-08T11:59:14.011] [ERROR] cheese - FoodVerify_verifyUpdateFood SyntaxError: Unexpected token , in JSON at position 36
[2021-12-08T12:00:02.805] [ERROR] cheese - FoodVerify_verifyUpdateFood SyntaxError: Unexpected token , in JSON at position 38
[2021-12-08T12:14:16.495] [ERROR] cheese - FoodService_updateFood Error: Unknown column 'foodClassify' in 'field list'
[2021-12-08T12:14:16.496] [ERROR] cheese - FoodController_updateFood TypeError: Cannot read property 'affectedRows' of undefined
[2021-12-08T12:14:27.454] [ERROR] cheese - FoodService_updateFood Error: Unknown column 'foodClassify' in 'field list'
[2021-12-08T12:14:27.454] [ERROR] cheese - FoodController_updateFood TypeError: Cannot read property 'affectedRows' of undefined
[2021-12-08T12:15:14.727] [ERROR] cheese - FoodService_updateFood Error: Unknown column 'foodClassify' in 'field list'
[2021-12-08T12:15:14.727] [ERROR] cheese - FoodController_updateFood TypeError: Cannot read property 'affectedRows' of undefined
[2021-12-08T12:15:59.721] [ERROR] cheese - FoodService_updateFood Error: Unknown column 'foodClassify' in 'field list'
[2021-12-08T12:54:27.784] [ERROR] cheese - 匹配路由错误: SyntaxError: Unexpected identifier
[2021-12-08T12:56:18.199] [ERROR] cheese - FoodVerify_verifyUpdateFood ReferenceError: classifyIdArray is not defined
[2021-12-08T13:04:34.344] [ERROR] cheese - 匹配路由错误: SyntaxError: Unexpected token ')'
[2021-12-08T13:04:48.540] [ERROR] cheese - 匹配路由错误: SyntaxError: Unexpected token '}'
[2021-12-08T13:07:55.371] [ERROR] cheese - 匹配路由错误: SyntaxError: Unexpected token ','
[2021-12-08T13:08:19.193] [ERROR] cheese - 匹配路由错误: SyntaxError: Unexpected token ','
[2021-12-08T13:09:59.359] [ERROR] cheese - FoodController_updateFood ReferenceError: shop_id is not defined
[2021-12-08T14:37:36.826] [ERROR] cheese - FoodVerify_dealData ReferenceError: foodInfo is not defined
[2021-12-08T14:58:09.888] [ERROR] cheese - FoodService_updateFood Error: You have an error in your SQL syntax; check the manual that corresponds to your MySQL server version for the right syntax to use near 'desc = ? WHERE id = ?' at line 1
[2021-12-08T15:06:29.962] [ERROR] cheese - FoodService_updateFood Error: You have an error in your SQL syntax; check the manual that corresponds to your MySQL server version for the right syntax to use near 'desc = ? WHERE id = ?' at line 1
[2021-12-08T15:09:16.227] [ERROR] cheese - FoodService_updateFood Error: You have an error in your SQL syntax; check the manual that corresponds to your MySQL server version for the right syntax to use near 'desc = ? WHERE id = ?' at line 1
[2021-12-08T15:12:24.583] [ERROR] cheese - FoodService_updateFood Error: You have an error in your SQL syntax; check the manual that corresponds to your MySQL server version for the right syntax to use near 'desc = ? WHERE id = ?' at line 1
[2021-12-08T15:12:56.685] [ERROR] cheese - FoodService_updateFood Error: You have an error in your SQL syntax; check the manual that corresponds to your MySQL server version for the right syntax to use near 'desc = ? WHERE id = ?' at line 1
[2021-12-08T15:13:37.399] [ERROR] cheese - FoodService_updateFood Error: You have an error in your SQL syntax; check the manual that corresponds to your MySQL server version for the right syntax to use near 'desc = ? WHERE id = ?' at line 1
[2021-12-09T11:24:04.443] [ERROR] cheese - 匹配路由错误: TypeError: router.routes is not a function
[2021-12-09T11:24:10.872] [ERROR] cheese - 匹配路由错误: TypeError: router.routes is not a function
[2021-12-09T11:24:17.877] [ERROR] cheese - 匹配路由错误: TypeError: router.routes is not a function
[2021-12-09T11:24:30.850] [ERROR] cheese - 匹配路由错误: TypeError: router.routes is not a function
[2021-12-09T11:29:11.871] [ERROR] cheese - 匹配路由错误: ReferenceError: verifyRegister is not defined
[2021-12-09T11:29:15.543] [ERROR] cheese - 匹配路由错误: ReferenceError: verifyRegister is not defined
[2021-12-09T11:29:19.117] [ERROR] cheese - 匹配路由错误: ReferenceError: register is not defined
[2021-12-09T11:29:49.427] [ERROR] cheese - 匹配路由错误: ReferenceError: register is not defined
[2021-12-09T11:30:01.906] [ERROR] cheese - 匹配路由错误: ReferenceError: register is not defined
[2021-12-09T11:30:03.607] [ERROR] cheese - 匹配路由错误: ReferenceError: register is not defined
[2021-12-09T11:30:25.677] [ERROR] cheese - 匹配路由错误: ReferenceError: register is not defined
[2021-12-09T11:33:50.100] [ERROR] cheese - 匹配路由错误: ReferenceError: register is not defined
[2021-12-09T11:33:55.173] [ERROR] cheese - 匹配路由错误: ReferenceError: register is not defined
[2021-12-09T11:34:01.959] [ERROR] cheese - 匹配路由错误: ReferenceError: register is not defined
[2021-12-09T11:34:15.277] [ERROR] cheese - 匹配路由错误: ReferenceError: register is not defined
[2021-12-09T12:00:53.308] [ERROR] cheese - 匹配路由错误: ReferenceError: register is not defined
[2021-12-09T12:01:45.432] [ERROR] cheese - 匹配路由错误: ReferenceError: register is not defined
[2021-12-09T12:02:02.183] [ERROR] cheese - 匹配路由错误: ReferenceError: register is not defined
[2021-12-09T12:02:29.203] [ERROR] cheese - 匹配路由错误: ReferenceError: register is not defined
[2021-12-09T12:02:38.278] [ERROR] cheese - 匹配路由错误: ReferenceError: register is not defined
[2021-12-09T12:06:14.284] [ERROR] cheese - 匹配路由错误: ReferenceError: register is not defined
[2021-12-09T12:06:16.564] [ERROR] cheese - 匹配路由错误: ReferenceError: register is not defined
[2021-12-09T12:37:06.295] [ERROR] cheese - 匹配路由错误: ReferenceError: register is not defined
[2021-12-09T14:31:21.329] [ERROR] cheese - 匹配路由错误: ReferenceError: register is not defined
[2021-12-09T14:43:01.295] [ERROR] cheese - 匹配路由错误: ReferenceError: register is not defined
[2021-12-09T14:43:07.302] [ERROR] cheese - 匹配路由错误: ReferenceError: register is not defined
[2021-12-09T14:44:27.349] [ERROR] cheese - 匹配路由错误: SyntaxError: Unexpected token '}'
[2021-12-09T14:45:35.089] [ERROR] cheese - 匹配路由错误: ReferenceError: reigster is not defined
[2021-12-09T14:45:37.533] [ERROR] cheese - 匹配路由错误: Error: post `/register`: `middleware` must be a function, not `undefined`
[2021-12-09T14:46:00.002] [ERROR] cheese - 匹配路由错误: SyntaxError: Unexpected token '}'
[2021-12-09T14:47:29.159] [ERROR] cheese - 匹配路由错误: SyntaxError: Missing initializer in destructuring declaration
[2021-12-09T14:47:36.337] [ERROR] cheese - 匹配路由错误: SyntaxError: Missing initializer in destructuring declaration
[2021-12-09T14:48:43.379] [ERROR] cheese - 匹配路由错误: SyntaxError: Unexpected token '}'
[2021-12-09T14:48:53.091] [ERROR] cheese - 匹配路由错误: SyntaxError: Unexpected token '}'
[2021-12-09T14:50:48.779] [ERROR] cheese - 匹配路由错误: SyntaxError: Unexpected identifier
[2021-12-09T14:55:34.699] [ERROR] cheese - 匹配路由错误: Error: post `/login`: `middleware` must be a function, not `undefined`
[2021-12-09T15:03:10.800] [ERROR] cheese - 匹配路由错误: ReferenceError: login is not defined
[2021-12-09T15:03:14.313] [ERROR] cheese - 匹配路由错误: Error: post `/login`: `middleware` must be a function, not `undefined`
[2021-12-09T15:06:43.230] [ERROR] cheese - BuyerVerify_verifyLogin ReferenceError: SellerService is not defined
[2021-12-09T15:07:21.128] [ERROR] cheese - BuyerVerify_verifyLogin ReferenceError: seller is not defined
[2021-12-09T15:11:43.145] [ERROR] cheese - 匹配路由错误: ReferenceError: verifySelfInfo is not defined
[2021-12-09T15:11:49.084] [ERROR] cheese - 匹配路由错误: ReferenceError: verifySelfInfo is not defined
[2021-12-09T15:11:56.738] [ERROR] cheese - 匹配路由错误: Error: post `/create_order`: `middleware` must be a function, not `undefined`
[2021-12-09T15:24:40.757] [ERROR] cheese - 匹配路由错误: ReferenceError: purchase is not defined
[2021-12-09T15:24:47.977] [ERROR] cheese - 匹配路由错误: ReferenceError: purchase is not defined
[2021-12-09T15:24:50.884] [ERROR] cheese - 匹配路由错误: Error: post `/purchase`: `middleware` must be a function, not `undefined`
[2021-12-09T15:25:19.492] [ERROR] cheese - 匹配路由错误: SyntaxError: Unexpected token '}'
[2021-12-09T15:53:17.959] [ERROR] cheese - 匹配路由错误: SyntaxError: Missing initializer in destructuring declaration
[2021-12-09T15:53:21.251] [ERROR] cheese - 匹配路由错误: SyntaxError: Missing initializer in destructuring declaration
[2021-12-09T15:53:24.148] [ERROR] cheese - 匹配路由错误: SyntaxError: Missing initializer in destructuring declaration
[2021-12-09T15:53:28.511] [ERROR] cheese - 匹配路由错误: SyntaxError: Unexpected identifier
[2021-12-09T15:53:32.411] [ERROR] cheese - 匹配路由错误: SyntaxError: Unexpected identifier
[2021-12-09T15:53:35.579] [ERROR] cheese - 匹配路由错误: SyntaxError: Missing initializer in destructuring declaration
[2021-12-09T15:53:54.902] [ERROR] cheese - 匹配路由错误: SyntaxError: Missing initializer in const declaration
[2021-12-09T15:58:11.810] [ERROR] cheese - 匹配路由错误: SyntaxError: Unexpected token '}'
[2021-12-09T15:58:31.328] [ERROR] cheese - 匹配路由错误: SyntaxError: Missing initializer in const declaration
[2021-12-09T17:49:27.068] [ERROR] cheese - 匹配路由错误: SyntaxError: await is only valid in async function
[2021-12-09T17:49:29.890] [ERROR] cheese - 匹配路由错误: SyntaxError: await is only valid in async function
[2021-12-09T17:49:45.000] [ERROR] cheese - 匹配路由错误: SyntaxError: await is only valid in async function
[2021-12-09T17:50:04.393] [ERROR] cheese - 匹配路由错误: SyntaxError: await is only valid in async function
[2021-12-09T17:50:17.729] [ERROR] cheese - 匹配路由错误: SyntaxError: await is only valid in async function
[2021-12-09T17:50:41.807] [ERROR] cheese - 匹配路由错误: SyntaxError: await is only valid in async function
[2021-12-09T17:50:48.514] [ERROR] cheese - 匹配路由错误: SyntaxError: await is only valid in async function
[2021-12-09T17:51:02.332] [ERROR] cheese - 匹配路由错误: SyntaxError: await is only valid in async function
[2021-12-09T17:51:08.438] [ERROR] cheese - 匹配路由错误: SyntaxError: await is only valid in async function
[2021-12-09T17:51:14.208] [ERROR] cheese - 匹配路由错误: SyntaxError: await is only valid in async function
[2021-12-09T17:51:52.078] [ERROR] cheese - 匹配路由错误: SyntaxError: await is only valid in async function
[2021-12-09T17:53:44.368] [ERROR] cheese - BuyerService_createOrder Error: You have an error in your SQL syntax; check the manual that corresponds to your MySQL server version for the right syntax to use near 'order (buyer_id, total_price, pay_price) VALUE (?, ?, ?)' at line 1
[2021-12-09T17:53:44.369] [ERROR] cheese - BuyerController_purchase TypeError: Cannot read property 'insertId' of undefined
[2021-12-09T17:54:30.600] [ERROR] cheese - BuyerService_createOrder Error: You have an error in your SQL syntax; check the manual that corresponds to your MySQL server version for the right syntax to use near 'order (buyer_id, total_price, pay_price) VALUE (?, ?, ?)' at line 1
[2021-12-09T17:55:34.984] [ERROR] cheese - BuyerService_createOrder Error: You have an error in your SQL syntax; check the manual that corresponds to your MySQL server version for the right syntax to use near 'order (buyer_id, total_price, pay_price) VALUES (?, ?, ?)' at line 1
[2021-12-09T17:55:34.985] [ERROR] cheese - BuyerController_purchase TypeError: Cannot read property 'insertId' of undefined
[2021-12-09T17:55:57.180] [ERROR] cheese - BuyerService_createOrder Error: You have an error in your SQL syntax; check the manual that corresponds to your MySQL server version for the right syntax to use near 'order (buyer_id, total_price, pay_price) VALUES (?, ?, ?)' at line 1
[2021-12-09T17:57:19.500] [ERROR] cheese - BuyerService_createOrder Error: You have an error in your SQL syntax; check the manual that corresponds to your MySQL server version for the right syntax to use near ''order' (buyer_id, total_price, pay_price) VALUES (?, ?, ?)' at line 1
[2021-12-09T19:04:33.570] [ERROR] cheese - 匹配路由错误: SyntaxError: Unexpected token 'if'
[2021-12-09T19:08:42.594] [ERROR] cheese - 匹配路由错误: SyntaxError: Unexpected token ','
[2021-12-09T19:40:35.104] [ERROR] cheese - 匹配路由错误: ReferenceError: verifyGetOrders is not defined
[2021-12-09T19:40:38.933] [ERROR] cheese - 匹配路由错误: ReferenceError: verifyGetOrders is not defined
[2021-12-09T19:40:43.817] [ERROR] cheese - 匹配路由错误: Error: get `/orders/today`: `middleware` must be a function, not `undefined`
[2021-12-09T19:42:00.936] [ERROR] cheese - 匹配路由错误: SyntaxError: Missing initializer in destructuring declaration
[2021-12-09T19:42:01.244] [ERROR] cheese - 匹配路由错误: SyntaxError: Missing initializer in destructuring declaration
[2021-12-09T19:42:05.948] [ERROR] cheese - 匹配路由错误: SyntaxError: Missing initializer in destructuring declaration
[2021-12-09T19:42:06.177] [ERROR] cheese - 匹配路由错误: SyntaxError: Missing initializer in destructuring declaration
[2021-12-09T19:45:07.174] [ERROR] cheese - 匹配路由错误: ReferenceError: getOrdersTodat is not defined
[2021-12-09T19:45:16.987] [ERROR] cheese - 匹配路由错误: ReferenceError: getOrderstoday is not defined
[2021-12-09T19:45:22.872] [ERROR] cheese - 匹配路由错误: Error: get `/orders/today`: `middleware` must be a function, not `undefined`
[2021-12-09T19:45:32.170] [ERROR] cheese - 匹配路由错误: Error: get `/orders/today`: `middleware` must be a function, not `undefined`
[2021-12-09T19:48:59.835] [ERROR] cheese - 匹配路由错误: SyntaxError: Unexpected identifier
[2021-12-09T19:48:59.839] [ERROR] cheese - 匹配路由错误: SyntaxError: Unexpected identifier
[2021-12-09T19:48:59.840] [ERROR] cheese - 匹配路由错误: SyntaxError: Unexpected identifier
[2021-12-09T19:49:05.874] [ERROR] cheese - 匹配路由错误: SyntaxError: Unexpected identifier
[2021-12-09T19:49:05.878] [ERROR] cheese - 匹配路由错误: SyntaxError: Unexpected identifier
[2021-12-09T19:49:05.879] [ERROR] cheese - 匹配路由错误: SyntaxError: Unexpected identifier
[2021-12-09T19:51:30.249] [ERROR] cheese - 匹配路由错误: ReferenceError: getOrdersAll is not defined
[2021-12-09T19:51:33.736] [ERROR] cheese - 匹配路由错误: Error: get `/orders/all`: `middleware` must be a function, not `undefined`
[2021-12-09T19:52:49.314] [ERROR] cheese - 匹配路由错误: Error: get `/orders/today`: `middleware` must be a function, not `undefined`
[2021-12-09T19:52:55.887] [ERROR] cheese - 匹配路由错误: ReferenceError: getOrderstoday is not defined
[2021-12-09T19:54:20.393] [ERROR] cheese - ShopController_getOrderstoday TypeError: ShopService.getOrderstoday is not a function
[2021-12-10T17:55:26.952] [ERROR] cheese - 匹配路由错误: TypeError: Cannot read property 'length' of undefined
[2021-12-10T17:56:47.066] [ERROR] cheese - 匹配路由错误: ReferenceError: getBill is not defined
[2021-12-10T17:56:58.602] [ERROR] cheese - 匹配路由错误: ReferenceError: getBill is not defined
[2021-12-10T17:57:01.846] [ERROR] cheese - 匹配路由错误: ReferenceError: getBill is not defined
[2021-12-10T17:57:16.483] [ERROR] cheese - 匹配路由错误: ReferenceError: getBill is not defined
[2021-12-10T17:57:23.906] [ERROR] cheese - 匹配路由错误: Error: get `/bill`: `middleware` must be a function, not `undefined`
[2021-12-10T17:58:14.619] [ERROR] cheese - 匹配路由错误: Error: get `/bill`: `middleware` must be a function, not `undefined`
[2021-12-10T18:14:54.845] [ERROR] cheese - 匹配路由错误: SyntaxError: Unexpected token '}'
[2021-12-10T18:14:54.859] [ERROR] cheese - 匹配路由错误: SyntaxError: Unexpected token '}'
[2021-12-10T18:14:54.860] [ERROR] cheese - 匹配路由错误: SyntaxError: Unexpected token '}'
[2021-12-10T19:18:46.880] [ERROR] cheese - 匹配路由错误: TypeError: router.routes is not a function
[2021-12-10T19:18:55.023] [ERROR] cheese - 匹配路由错误: TypeError: router.routes is not a function
[2021-12-10T19:19:00.520] [ERROR] cheese - 匹配路由错误: TypeError: router.routes is not a function
[2021-12-10T19:19:05.024] [ERROR] cheese - 匹配路由错误: TypeError: router.routes is not a function
[2021-12-10T19:19:13.764] [ERROR] cheese - 匹配路由错误: ReferenceError: buyerRouter is not defined
[2021-12-10T19:20:00.380] [ERROR] cheese - 匹配路由错误: TypeError: router.routes is not a function
[2021-12-10T19:20:52.271] [ERROR] cheese - 匹配路由错误: ReferenceError: verifyLogin is not defined
[2021-12-10T19:20:59.337] [ERROR] cheese - 匹配路由错误: ReferenceError: verifyLogin is not defined
[2021-12-10T19:21:03.613] [ERROR] cheese - 匹配路由错误: Error: post `/login`: `middleware` must be a function, not `undefined`
[2021-12-10T19:21:07.558] [ERROR] cheese - 匹配路由错误: Error: post `/login`: `middleware` must be a function, not `undefined`
[2021-12-10T19:21:22.069] [ERROR] cheese - 匹配路由错误: SyntaxError: Unexpected token '}'
[2021-12-10T19:25:38.062] [ERROR] cheese - 匹配路由错误: ReferenceError: login is not defined
[2021-12-10T19:25:40.230] [ERROR] cheese - 匹配路由错误: Error: post `/login`: `middleware` must be a function, not `undefined`
[2021-12-10T19:36:42.199] [ERROR] cheese - RoleVerify_verifyLogin TypeError: SellerService.getAdminByAccount is not a function
[2021-12-10T19:37:17.015] [ERROR] cheese - RoleVerify_verifyLogin TypeError: SellerService.getAdminByAccount is not a function
[2021-12-10T19:42:23.605] [ERROR] cheese - RoleController_login ReferenceError: createToken is not defined
[2021-12-10T19:43:12.554] [ERROR] cheese - role_middleware_verifyUser TypeError: Service.getSellerByAccount is not a function
[2021-12-10T19:55:04.669] [ERROR] cheese - 匹配路由错误: ReferenceError: getSellerMenu is not defined
[2021-12-10T19:55:07.526] [ERROR] cheese - 匹配路由错误: Error: get `/2/menu`: `middleware` must be a function, not `undefined`
[2021-12-10T19:55:10.609] [ERROR] cheese - 匹配路由错误: ReferenceError: getMenu is not defined
[2021-12-10T19:55:16.269] [ERROR] cheese - 匹配路由错误: ReferenceError: getMenu is not defined
[2021-12-10T19:55:21.689] [ERROR] cheese - 匹配路由错误: ReferenceError: getMenu is not defined
[2021-12-10T19:55:30.143] [ERROR] cheese - 匹配路由错误: ReferenceError: getMenu is not defined
[2021-12-10T19:55:32.132] [ERROR] cheese - 匹配路由错误: ReferenceError: getMenu is not defined
[2021-12-10T19:55:37.409] [ERROR] cheese - 匹配路由错误: ReferenceError: getMenu is not defined
[2021-12-10T19:55:47.956] [ERROR] cheese - 匹配路由错误: ReferenceError: getMenu is not defined
[2021-12-10T19:55:57.376] [ERROR] cheese - 匹配路由错误: Error: get `/2/menu`: `middleware` must be a function, not `undefined`
[2021-12-10T19:56:02.790] [ERROR] cheese - 匹配路由错误: ReferenceError: getSellerMenu is not defined
[2021-12-10T19:56:31.807] [ERROR] cheese - 匹配路由错误: ReferenceError: getSellerMenu is not defined
[2021-12-10T19:56:34.302] [ERROR] cheese - 匹配路由错误: ReferenceError: getSellerMenu is not defined
[2021-12-10T19:56:39.990] [ERROR] cheese - 匹配路由错误: ReferenceError: getSellerMenu is not defined
[2021-12-10T19:56:53.046] [ERROR] cheese - 匹配路由错误: ReferenceError: getSellerMenu is not defined
[2021-12-10T19:57:03.889] [ERROR] cheese - 匹配路由错误: ReferenceError: getSellerMenu is not defined
[2021-12-10T19:57:31.409] [ERROR] cheese - 匹配路由错误: ReferenceError: getSellerMenu is not defined
[2021-12-10T19:57:36.100] [ERROR] cheese - 匹配路由错误: ReferenceError: getSellerMenu is not defined
[2021-12-10T19:58:26.743] [ERROR] cheese - 匹配路由错误: ReferenceError: getSellerMenu is not defined
[2021-12-10T19:58:34.132] [ERROR] cheese - 匹配路由错误: ReferenceError: getSellerMenu is not defined
[2021-12-10T19:58:42.982] [ERROR] cheese - 匹配路由错误: ReferenceError: getSellerMenu is not defined
[2021-12-10T19:58:51.722] [ERROR] cheese - 匹配路由错误: ReferenceError: getSellerMenu is not defined
[2021-12-10T19:58:53.861] [ERROR] cheese - 匹配路由错误: ReferenceError: getSellerMenu is not defined
[2021-12-10T19:58:58.922] [ERROR] cheese - 匹配路由错误: ReferenceError: getSellerMenu is not defined
[2021-12-10T20:08:12.815] [ERROR] cheese - 匹配路由错误: ReferenceError: verifyRegister is not defined
[2021-12-10T20:08:17.725] [ERROR] cheese - 匹配路由错误: Error: post `/login`: `middleware` must be a function, not `undefined`
[2021-12-10T20:09:49.170] [ERROR] cheese - 匹配路由错误: Error: post `/login`: `middleware` must be a function, not `undefined`
[2021-12-10T20:09:54.512] [ERROR] cheese - 匹配路由错误: Error: post `/login`: `middleware` must be a function, not `undefined`
[2021-12-10T20:16:42.401] [ERROR] cheese - RoleVerify_verifyLogin ReferenceError: AdminService is not defined
[2021-12-14T08:48:53.157] [ERROR] cheese - 匹配路由错误: ReferenceError: getBuyers is not defined
[2021-12-14T08:48:57.531] [ERROR] cheese - 匹配路由错误: ReferenceError: getBuyerList is not defined
[2021-12-14T08:49:03.818] [ERROR] cheese - 匹配路由错误: Error: get `/buyer/list`: `middleware` must be a function, not `undefined`
[2021-12-14T08:49:13.874] [ERROR] cheese - 匹配路由错误: Error: get `/buyer/list`: `middleware` must be a function, not `undefined`
[2021-12-14T09:09:44.124] [ERROR] cheese - 匹配路由错误: ReferenceError: geSellerList is not defined
[2021-12-14T09:09:52.004] [ERROR] cheese - 匹配路由错误: Error: get `/seller/list`: `middleware` must be a function, not `undefined`
[2021-12-14T09:10:07.302] [ERROR] cheese - 匹配路由错误: ReferenceError: geSellerList is not defined
[2021-12-14T09:10:18.750] [ERROR] cheese - 匹配路由错误: ReferenceError: geSellerList is not defined
[2021-12-14T09:10:21.005] [ERROR] cheese - 匹配路由错误: ReferenceError: geSellerList is not defined
[2021-12-14T09:11:50.159] [ERROR] cheese - 匹配路由错误: SyntaxError: Unexpected token 'const'
[2021-12-14T11:49:14.717] [ERROR] cheese - 匹配路由错误: SyntaxError: Unexpected token '}'
[2021-12-14T16:28:03.441] [ERROR] cheese - 匹配路由错误: ReferenceError: verifyLevel is not defined
[2021-12-14T16:28:08.599] [ERROR] cheese - 匹配路由错误: ReferenceError: verifyLevel is not defined
[2021-12-14T16:28:11.970] [ERROR] cheese - 匹配路由错误: Error: delete `admin/delete`: `middleware` must be a function, not `undefined`
[2021-12-14T16:28:18.247] [ERROR] cheese - 匹配路由错误: ReferenceError: verifyAdminLevel is not defined
[2021-12-14T16:28:22.658] [ERROR] cheese - 匹配路由错误: Error: delete `admin/delete`: `middleware` must be a function, not `undefined`
[2021-12-14T16:33:00.007] [ERROR] cheese - 匹配路由错误: SyntaxError: Unexpected token '}'
[2021-12-14T16:33:19.951] [ERROR] cheese - 匹配路由错误: SyntaxError: Missing initializer in destructuring declaration
[2021-12-14T16:41:05.034] [ERROR] cheese - RoleVerify_verifyAdminLevel TypeError: Cannot read property 'body' of undefined
[2021-12-14T16:46:06.351] [ERROR] cheese - 匹配路由错误: SyntaxError: Unexpected token '}'
[2021-12-14T16:48:00.261] [ERROR] cheese - 匹配路由错误: SyntaxError: Unexpected identifier
[2021-12-14T16:50:06.459] [ERROR] cheese - 匹配路由错误: SyntaxError: Unexpected token 'const'
[2021-12-14T16:50:09.556] [ERROR] cheese - 匹配路由错误: SyntaxError: Unexpected token 'const'
[2021-12-14T16:51:44.115] [ERROR] cheese - 匹配路由错误: ReferenceError: deleteAdminById is not defined
[2021-12-14T16:51:50.574] [ERROR] cheese - 匹配路由错误: Error: post `/admin/delete`: `middleware` must be a function, not `undefined`
[2021-12-14T16:55:39.333] [ERROR] cheese - 匹配路由错误: SyntaxError: Unexpected token '}'
[2021-12-14T17:19:47.994] [ERROR] cheese - 匹配路由错误: ReferenceError: deleteSeller is not defined
[2021-12-14T17:19:56.358] [ERROR] cheese - 匹配路由错误: ReferenceError: deleteSellerById is not defined
[2021-12-14T17:21:14.391] [ERROR] cheese - 匹配路由错误: ReferenceError: deleteSellerById is not defined
[2021-12-14T17:21:18.959] [ERROR] cheese - 匹配路由错误: ReferenceError: deleteSellerById is not defined
[2021-12-14T17:21:22.830] [ERROR] cheese - 匹配路由错误: ReferenceError: deleteSellerById is not defined
[2021-12-14T17:23:23.091] [ERROR] cheese - 匹配路由错误: ReferenceError: deleteSellerById is not defined
[2021-12-14T17:23:29.334] [ERROR] cheese - 匹配路由错误: ReferenceError: deleteSellerById is not defined
[2021-12-14T17:25:44.400] [ERROR] cheese - 匹配路由错误: Error: post `/seller/delete`: `middleware` must be a function, not `undefined`
[2021-12-14T17:25:58.527] [ERROR] cheese - 匹配路由错误: Error: post `/seller/delete`: `middleware` must be a function, not `undefined`
[2021-12-14T17:26:10.156] [ERROR] cheese - 匹配路由错误: Error: post `/seller/delete`: `middleware` must be a function, not `undefined`
[2021-12-14T17:26:46.587] [ERROR] cheese - 匹配路由错误: SyntaxError: Invalid left-hand side in assignment
[2021-12-14T18:49:31.362] [ERROR] cheese - 匹配路由错误: ReferenceError: getAdminByQuery is not defined
[2021-12-14T19:11:32.992] [ERROR] cheese - 匹配路由错误: ReferenceError: dealUserData is not defined
[2021-12-14T19:11:38.770] [ERROR] cheese - 匹配路由错误: Error: post `/admin/by_query`: `middleware` must be a function, not `undefined`
[2021-12-14T19:20:10.369] [ERROR] cheese - 匹配路由错误: SyntaxError: Unexpected strict mode reserved word
[2021-12-14T19:27:25.701] [ERROR] cheese - RoleVerify_dealUserData ReferenceError: Cannot access 'queryData' before initialization
[2021-12-14T19:36:33.166] [ERROR] cheese - 匹配路由错误: SyntaxError: Unexpected token 'const'
[2021-12-14T19:38:23.443] [ERROR] cheese - 匹配路由错误: SyntaxError: Missing initializer in destructuring declaration
[2021-12-14T19:51:22.893] [ERROR] cheese - 匹配路由错误: ReferenceError: getUserByQuery is not defined
[2021-12-14T19:51:29.895] [ERROR] cheese - 匹配路由错误: Error: post `/user/by_query`: `middleware` must be a function, not `undefined`
[2021-12-14T19:52:35.548] [ERROR] cheese - 匹配路由错误: SyntaxError: Unexpected token '}'
[2021-12-14T19:59:10.249] [ERROR] cheese - RoleService_getUserByQuery TypeError: statement.splice is not a function
[2021-12-14T20:04:03.318] [ERROR] cheese - 匹配路由错误: SyntaxError: Missing initializer in const declaration
[2021-12-14T20:40:16.732] [ERROR] cheese - RoleService_getUserByQuery Error: Incorrect arguments to mysqld_stmt_execute
[2021-12-14T20:43:51.631] [ERROR] cheese - RoleService_getUserByQuery Error: Incorrect arguments to mysqld_stmt_execute
[2021-12-14T20:47:28.911] [ERROR] cheese - RoleService_getUserByQuery Error: Incorrect arguments to mysqld_stmt_execute
[2021-12-14T20:55:50.674] [ERROR] cheese - RoleService_getUserByQuery Error: You have an error in your SQL syntax; check the manual that corresponds to your MySQL server version for the right syntax to use near '%?% AND LIMIT ?, ?' at line 1
[2021-12-14T21:14:25.260] [ERROR] cheese - RoleService_getUserByQuery TypeError: Assignment to constant variable.
[2021-12-14T21:19:37.360] [ERROR] cheese - RoleService_getUserByQuery Error: You have an error in your SQL syntax; check the manual that corresponds to your MySQL server version for the right syntax to use near '%?%LIMIT ?, ?' at line 1
[2021-12-14T21:21:39.557] [ERROR] cheese - RoleService_getUserByQuery Error: You have an error in your SQL syntax; check the manual that corresponds to your MySQL server version for the right syntax to use near '%?% LIMIT ?, ?' at line 1
[2021-12-14T21:22:02.928] [ERROR] cheese - RoleService_getUserByQuery Error: You have an error in your SQL syntax; check the manual that corresponds to your MySQL server version for the right syntax to use near '%?% LIMIT ?, ?' at line 1
[2021-12-14T21:22:32.152] [ERROR] cheese - RoleService_getUserByQuery Error: You have an error in your SQL syntax; check the manual that corresponds to your MySQL server version for the right syntax to use near '% LIMIT ?, ?' at line 1
[2021-12-14T21:25:14.032] [ERROR] cheese - RoleService_getUserByQuery Error: You have an error in your SQL syntax; check the manual that corresponds to your MySQL server version for the right syntax to use near '%?% LIMIT ?, ?' at line 1
[2021-12-14T21:25:31.684] [ERROR] cheese - RoleService_getUserByQuery Error: You have an error in your SQL syntax; check the manual that corresponds to your MySQL server version for the right syntax to use near '%?% LIMIT ?, ?' at line 1
[2021-12-14T21:25:35.479] [ERROR] cheese - RoleService_getUserByQuery Error: You have an error in your SQL syntax; check the manual that corresponds to your MySQL server version for the right syntax to use near '%?% LIMIT ?, ?' at line 1
[2021-12-14T21:25:42.206] [ERROR] cheese - RoleService_getUserByQuery Error: You have an error in your SQL syntax; check the manual that corresponds to your MySQL server version for the right syntax to use near '%?% LIMIT ?, ?' at line 1
[2021-12-14T21:36:00.060] [ERROR] cheese - RoleService_getUserByQuery Error: You have an error in your SQL syntax; check the manual that corresponds to your MySQL server version for the right syntax to use near 'BETWEEN ? AND ? LIMIT ?, ?' at line 1
[2021-12-14T21:38:01.382] [ERROR] cheese - RoleService_getUserByQuery Error: You have an error in your SQL syntax; check the manual that corresponds to your MySQL server version for the right syntax to use near 'BETWEEN ? AND ? LIMIT ?, ?' at line 1
[2021-12-14T21:40:09.440] [ERROR] cheese - RoleService_getUserByQuery Error: You have an error in your SQL syntax; check the manual that corresponds to your MySQL server version for the right syntax to use near 'BETWEEN ? AND ? LIMIT ?, ?' at line 1
[2021-12-14T21:40:26.014] [ERROR] cheese - RoleService_getUserByQuery Error: You have an error in your SQL syntax; check the manual that corresponds to your MySQL server version for the right syntax to use near 'BETWEEN ? AND ? LIMIT ?, ?' at line 1
[2021-12-14T21:51:56.815] [ERROR] cheese - 匹配路由错误: SyntaxError: Unexpected token ']'
[2021-12-14T22:04:34.227] [ERROR] cheese - 匹配路由错误: ReferenceError: veri is not defined
[2021-12-14T22:08:17.205] [ERROR] cheese - 匹配路由错误: SyntaxError: Identifier 'verifyUser' has already been declared
[2021-12-14T22:08:35.347] [ERROR] cheese - 匹配路由错误: SyntaxError: Identifier 'verifyUser' has already been declared
[2021-12-14T22:08:41.892] [ERROR] cheese - 匹配路由错误: SyntaxError: Identifier 'verifyUser' has already been declared
[2021-12-14T22:08:45.866] [ERROR] cheese - 匹配路由错误: SyntaxError: Identifier 'verifyUser' has already been declared
[2021-12-14T22:09:02.582] [ERROR] cheese - 匹配路由错误: SyntaxError: Identifier 'verifyUser' has already been declared
[2021-12-14T22:09:06.072] [ERROR] cheese - 匹配路由错误: SyntaxError: Identifier 'verifyUser' has already been declared
[2021-12-14T22:10:46.347] [ERROR] cheese - 匹配路由错误: SyntaxError: Identifier 'verifyUser' has already been declared
[2021-12-14T22:10:48.045] [ERROR] cheese - 匹配路由错误: SyntaxError: Identifier 'verifyUser' has already been declared
[2021-12-14T22:10:52.686] [ERROR] cheese - 匹配路由错误: SyntaxError: Identifier 'verifyUser' has already been declared
[2021-12-14T22:11:10.350] [ERROR] cheese - 匹配路由错误: Error: post `/user/usable`: `middleware` must be a function, not `undefined`
[2021-12-14T22:20:36.019] [ERROR] cheese - 匹配路由错误: ReferenceError: changeUserUsable is not defined
[2021-12-14T22:20:39.680] [ERROR] cheese - 匹配路由错误: Error: post `/user/usable`: `middleware` must be a function, not `undefined`
[2021-12-14T22:29:24.833] [ERROR] cheese - 匹配路由错误: SyntaxError: Unexpected token '}'
[2021-12-14T22:29:34.714] [ERROR] cheese - 匹配路由错误: SyntaxError: Unexpected token '}'
[2021-12-14T22:29:37.818] [ERROR] cheese - 匹配路由错误: SyntaxError: Unexpected token '}'
[2021-12-14T22:29:41.629] [ERROR] cheese - 匹配路由错误: SyntaxError: Unexpected token '}'
[2021-12-14T22:29:45.760] [ERROR] cheese - 匹配路由错误: SyntaxError: Unexpected token '}'
[2021-12-14T22:29:58.841] [ERROR] cheese - 匹配路由错误: SyntaxError: Unexpected token '}'
[2021-12-14T22:32:07.067] [ERROR] cheese - 匹配路由错误: SyntaxError: Unexpected token '}'
[2021-12-14T22:32:58.668] [ERROR] cheese - 匹配路由错误: SyntaxError: Unexpected identifier
[2021-12-14T22:35:22.869] [ERROR] cheese - RoleController_changeUserUsable ReferenceError: tableName is not defined
[2021-12-15T09:13:29.975] [ERROR] cheese - RoleService_getUserByQuery Error: You have an error in your SQL syntax; check the manual that corresponds to your MySQL server version for the right syntax to use near 'LIMIT ?, ?' at line 1
[2021-12-15T09:13:50.505] [ERROR] cheese - RoleService_getUserByQuery Error: You have an error in your SQL syntax; check the manual that corresponds to your MySQL server version for the right syntax to use near 'LIMIT ?, ?' at line 1
[2021-12-15T09:18:41.927] [ERROR] cheese - 匹配路由错误: SyntaxError: Unexpected token ')'
[2021-12-15T09:29:59.260] [ERROR] cheese - RoleService_getUserByQuery Error: You have an error in your SQL syntax; check the manual that corresponds to your MySQL server version for the right syntax to use near 'WHERE id LIKE '%undefined%' LIMIT ?, ?' at line 1
[2021-12-15T09:30:01.555] [ERROR] cheese - RoleService_getUserByQuery Error: You have an error in your SQL syntax; check the manual that corresponds to your MySQL server version for the right syntax to use near 'WHERE id LIKE '%undefined%' LIMIT ?, ?' at line 1
[2021-12-15T09:30:01.699] [ERROR] cheese - RoleService_getUserByQuery Error: You have an error in your SQL syntax; check the manual that corresponds to your MySQL server version for the right syntax to use near 'WHERE id LIKE '%undefined%' LIMIT ?, ?' at line 1
[2021-12-15T09:30:01.844] [ERROR] cheese - RoleService_getUserByQuery Error: You have an error in your SQL syntax; check the manual that corresponds to your MySQL server version for the right syntax to use near 'WHERE id LIKE '%undefined%' LIMIT ?, ?' at line 1
[2021-12-15T09:30:01.989] [ERROR] cheese - RoleService_getUserByQuery Error: You have an error in your SQL syntax; check the manual that corresponds to your MySQL server version for the right syntax to use near 'WHERE id LIKE '%undefined%' LIMIT ?, ?' at line 1
[2021-12-15T10:18:23.251] [ERROR] cheese - 匹配路由错误: ReferenceError: addUser is not defined
[2021-12-15T10:18:29.049] [ERROR] cheese - 匹配路由错误: Error: post `/user/add`: `middleware` must be a function, not `undefined`
[2021-12-15T10:19:35.451] [ERROR] cheese - 匹配路由错误: ReferenceError: dealQueryData is not defined
[2021-12-15T10:19:43.316] [ERROR] cheese - 匹配路由错误: Error: post `/user/by_query`: `middleware` must be a function, not `undefined`
[2021-12-15T10:20:06.934] [ERROR] cheese - 匹配路由错误: ReferenceError: dealUserAddData is not defined
[2021-12-15T10:20:11.632] [ERROR] cheese - 匹配路由错误: SyntaxError: Unexpected token ','
[2021-12-15T10:20:13.408] [ERROR] cheese - 匹配路由错误: Error: post `/user/add`: `middleware` must be a function, not `undefined`
[2021-12-15T10:22:16.056] [ERROR] cheese - 匹配路由错误: SyntaxError: Unexpected identifier
[2021-12-15T10:24:51.468] [ERROR] cheese - RoleVerify_dealUserAddData ReferenceError: options is not defined
[2021-12-15T10:28:19.730] [ERROR] cheese - 匹配路由错误: SyntaxError: Unexpected token '}'
[2021-12-15T10:28:38.171] [ERROR] cheese - 匹配路由错误: SyntaxError: Unexpected token '}'
[2021-12-15T10:28:58.876] [ERROR] cheese - 匹配路由错误: SyntaxError: Unexpected token '}'
[2021-12-15T10:29:12.367] [ERROR] cheese - 匹配路由错误: SyntaxError: Unexpected token '}'
[2021-12-15T10:29:25.858] [ERROR] cheese - 匹配路由错误: SyntaxError: Unexpected token '}'
[2021-12-15T10:31:50.336] [ERROR] cheese - 匹配路由错误: SyntaxError: Unexpected token '}'
[2021-12-15T10:34:09.766] [ERROR] cheese - 匹配路由错误: SyntaxError: Identifier 'statementPre' has already been declared
[2021-12-15T10:37:57.009] [ERROR] cheese - RoleService_addUser ReferenceError: ctx is not defined
[2021-12-15T10:41:29.845] [ERROR] cheese - 匹配路由错误: SyntaxError: Unexpected token ']'
[2021-12-15T11:10:38.400] [ERROR] cheese - 匹配路由错误: SyntaxError: Unexpected token '}'
[2021-12-15T11:13:01.671] [ERROR] cheese - 匹配路由错误: SyntaxError: Unexpected token '}'
[2021-12-15T11:21:22.781] [ERROR] cheese - 匹配路由错误: ReferenceError: getShopList is not defined
[2021-12-15T11:21:28.474] [ERROR] cheese - 匹配路由错误: Error: get `/shop/list`: `middleware` must be a function, not `undefined`
[2021-12-15T11:29:12.342] [ERROR] cheese - 匹配路由错误: Error: post `/user/by_query`: `middleware` must be a function, not `undefined`
[2021-12-15T11:29:45.431] [ERROR] cheese - 匹配路由错误: SyntaxError: Unexpected token '}'
[2021-12-15T15:29:33.875] [ERROR] cheese - 匹配路由错误: ReferenceError: getQueryData is not defined
[2021-12-15T15:29:44.359] [ERROR] cheese - 匹配路由错误: Error: post `/user/by_query`: `middleware` must be a function, not `undefined`
[2021-12-15T15:30:56.267] [ERROR] cheese - 匹配路由错误: Error: post `/user/by_query`: `middleware` must be a function, not `undefined`
[2021-12-15T15:31:00.560] [ERROR] cheese - 匹配路由错误: ReferenceError: getQueryData is not defined
[2021-12-15T15:52:15.282] [ERROR] cheese - 匹配路由错误: ReferenceError: changeShopUsable is not defined
[2021-12-15T15:52:20.225] [ERROR] cheese - 匹配路由错误: SyntaxError: Unexpected token ','
[2021-12-15T15:52:22.340] [ERROR] cheese - 匹配路由错误: Error: post `/shop/usable`: `middleware` must be a function, not `undefined`
[2021-12-15T15:53:13.906] [ERROR] cheese - RoleService_getUserByQuery Error: Unknown column 'account' in 'where clause'
[2021-12-15T15:56:35.770] [ERROR] cheese - 匹配路由错误: SyntaxError: Missing initializer in destructuring declaration
[2021-12-15T15:56:38.350] [ERROR] cheese - 匹配路由错误: SyntaxError: Missing initializer in destructuring declaration
[2021-12-15T15:56:42.756] [ERROR] cheese - 匹配路由错误: SyntaxError: Missing initializer in destructuring declaration
[2021-12-15T16:04:15.941] [ERROR] cheese - 匹配路由错误: ReferenceError: deleteShopById is not defined
[2021-12-15T16:04:22.865] [ERROR] cheese - 匹配路由错误: Error: post `/shop/delete`: `middleware` must be a function, not `undefined`
[2021-12-15T16:21:56.320] [ERROR] cheese - 匹配路由错误: SyntaxError: Unexpected token ')'
[2021-12-15T16:22:40.992] [ERROR] cheese - 匹配路由错误: Error: post `/user/add`: `middleware` must be a function, not `undefined`
[2021-12-15T16:22:45.839] [ERROR] cheese - 匹配路由错误: ReferenceError: dealAddData is not defined
[2021-12-15T16:23:13.245] [ERROR] cheese - 匹配路由错误: Error: post `/user/add`: `middleware` must be a function, not `undefined`
[2021-12-15T16:23:21.879] [ERROR] cheese - 匹配路由错误: ReferenceError: addData is not defined
[2021-12-15T17:27:23.228] [ERROR] cheese - RoleService_getUserByQuery Error: You have an error in your SQL syntax; check the manual that corresponds to your MySQL server version for the right syntax to use near 'order' at line 1
[2021-12-15T17:27:30.480] [ERROR] cheese - RoleService_getUserByQuery Error: You have an error in your SQL syntax; check the manual that corresponds to your MySQL server version for the right syntax to use near 'order' at line 1
[2021-12-15T17:27:32.999] [ERROR] cheese - RoleService_getUserByQuery Error: You have an error in your SQL syntax; check the manual that corresponds to your MySQL server version for the right syntax to use near 'order' at line 1
[2021-12-15T17:27:43.218] [ERROR] cheese - RoleService_getUserByQuery Error: You have an error in your SQL syntax; check the manual that corresponds to your MySQL server version for the right syntax to use near 'order' at line 1
[2021-12-15T17:27:53.558] [ERROR] cheese - RoleService_getUserByQuery Error: You have an error in your SQL syntax; check the manual that corresponds to your MySQL server version for the right syntax to use near 'order' at line 1
[2021-12-15T17:29:46.349] [ERROR] cheese - RoleService_getUserByQuery Error: You have an error in your SQL syntax; check the manual that corresponds to your MySQL server version for the right syntax to use near 'order' at line 1
[2021-12-15T17:29:50.663] [ERROR] cheese - RoleService_getUserByQuery Error: You have an error in your SQL syntax; check the manual that corresponds to your MySQL server version for the right syntax to use near 'order' at line 1
[2021-12-15T17:29:55.264] [ERROR] cheese - RoleService_getUserByQuery Error: You have an error in your SQL syntax; check the manual that corresponds to your MySQL server version for the right syntax to use near 'order' at line 1
[2021-12-15T17:30:58.231] [ERROR] cheese - 匹配路由错误: SyntaxError: Unexpected identifier
[2021-12-15T17:31:04.431] [ERROR] cheese - RoleService_getUserByQuery Error: You have an error in your SQL syntax; check the manual that corresponds to your MySQL server version for the right syntax to use near 'order' at line 1
[2021-12-15T17:31:13.496] [ERROR] cheese - RoleService_getUserByQuery Error: You have an error in your SQL syntax; check the manual that corresponds to your MySQL server version for the right syntax to use near 'order' at line 1
[2021-12-15T17:31:20.473] [ERROR] cheese - RoleService_getUserByQuery Error: You have an error in your SQL syntax; check the manual that corresponds to your MySQL server version for the right syntax to use near 'order' at line 1
[2021-12-15T17:31:51.258] [ERROR] cheese - RoleService_getUserByQuery Error: You have an error in your SQL syntax; check the manual that corresponds to your MySQL server version for the right syntax to use near 'order' at line 1
[2021-12-15T17:31:56.555] [ERROR] cheese - RoleService_getUserByQuery Error: You have an error in your SQL syntax; check the manual that corresponds to your MySQL server version for the right syntax to use near 'order' at line 1
[2021-12-15T17:32:39.160] [ERROR] cheese - RoleService_getUserByQuery Error: You have an error in your SQL syntax; check the manual that corresponds to your MySQL server version for the right syntax to use near 'order' at line 1
[2021-12-15T17:39:17.927] [ERROR] cheese - 匹配路由错误: ReferenceError: deleteOrderById is not defined
[2021-12-15T17:39:28.709] [ERROR] cheese - 匹配路由错误: Error: post `/order/delete`: `middleware` must be a function, not `undefined`
[2021-12-15T17:47:12.773] [ERROR] cheese - RoleService_changeOrderUsable Error: You have an error in your SQL syntax; check the manual that corresponds to your MySQL server version for the right syntax to use near 'order SET usable = ? WHERE id = ?' at line 1
[2021-12-15T17:47:16.428] [ERROR] cheese - RoleService_changeOrderUsable Error: You have an error in your SQL syntax; check the manual that corresponds to your MySQL server version for the right syntax to use near 'order SET usable = ? WHERE id = ?' at line 1
[2021-12-15T17:47:44.689] [ERROR] cheese - RoleService_changeOrderUsable Error: Unknown column 'usable' in 'field list'
[2021-12-15T18:31:26.028] [ERROR] cheese - 匹配路由错误: ReferenceError: postFeedBack is not defined
[2021-12-15T18:31:32.826] [ERROR] cheese - 匹配路由错误: Error: post `/feedback/post`: `middleware` must be a function, not `undefined`
[2021-12-15T18:31:55.471] [ERROR] cheese - 匹配路由错误: Error: post `/feedback/post`: `middleware` must be a function, not `undefined`
[2021-12-15T18:35:23.390] [ERROR] cheese - SellerVerify_verifyUasble TypeError: Cannot destructure property 'account' of 'ctx.seller' as it is undefined.
[2021-12-15T18:35:36.041] [ERROR] cheese - SellerVerify_verifyUasble TypeError: Cannot destructure property 'account' of 'ctx.seller' as it is undefined.
[2021-12-15T19:08:08.981] [ERROR] cheese - 匹配路由错误: SyntaxError: Missing initializer in const declaration
[2021-12-15T20:40:36.223] [ERROR] cheese - 匹配路由错误: ReferenceError: getMyFeedback is not defined
[2021-12-15T20:40:40.769] [ERROR] cheese - 匹配路由错误: Error: post `/feedback/self`: `middleware` must be a function, not `undefined`
[2021-12-15T20:41:24.974] [ERROR] cheese - 匹配路由错误: SyntaxError: Unexpected token '}'
[2021-12-15T20:42:45.928] [ERROR] cheese - 匹配路由错误: SyntaxError: Unexpected token '}'
[2021-12-15T20:42:45.930] [ERROR] cheese - 匹配路由错误: SyntaxError: Unexpected token '}'
[2021-12-15T20:42:45.931] [ERROR] cheese - 匹配路由错误: SyntaxError: Unexpected token '}'
[2021-12-15T20:42:45.932] [ERROR] cheese - 匹配路由错误: SyntaxError: Unexpected token '}'
[2021-12-15T21:21:20.603] [ERROR] cheese - SellerService_postFeedBack Error: Field 'type' doesn't have a default value
[2021-12-15T21:21:20.604] [ERROR] cheese - SellerController_postFeedBack TypeError: Cannot read property 'insertId' of undefined
[2021-12-16T10:00:44.592] [ERROR] cheese - 匹配路由错误: ReferenceError: dealAddData is not defined
[2021-12-16T10:01:06.263] [ERROR] cheese - 匹配路由错误: ReferenceError: dealAddData is not defined
[2021-12-16T10:01:10.462] [ERROR] cheese - 匹配路由错误: ReferenceError: dealAddData is not defined
[2021-12-16T10:01:21.203] [ERROR] cheese - 匹配路由错误: ReferenceError: dealAddData is not defined
[2021-12-16T10:51:31.393] [ERROR] cheese - RoleService_addUser Error: Table 'design.undefined' doesn't exist
[2021-12-16T16:17:16.819] [ERROR] cheese - 匹配路由错误: ReferenceError: getSold is not defined
[2021-12-16T16:17:23.621] [ERROR] cheese - 匹配路由错误: Error: get `/sold`: `middleware` must be a function, not `undefined`
[2021-12-16T19:31:40.056] [ERROR] cheese - 匹配路由错误: SyntaxError: Unexpected token '.'
[2021-12-16T19:33:08.729] [ERROR] cheese - 匹配路由错误: ReferenceError: getMapData is not defined
[2021-12-16T19:33:10.764] [ERROR] cheese - 匹配路由错误: ReferenceError: getMapData is not defined
